Using pre-set license
Built from '2021.1/staging' branch; Version is '2021.1.26f1 (6f076387c01d) revision 7276387'; Using compiler version '192528614'; Build Type 'Release'
OS: 'Windows 10 Home Single Language; OS build 22000.318; Version 2009; 64bit' Language: 'en' Physical Memory: 16168 MB
BatchMode: 1, IsHumanControllingUs: 0, StartBugReporterOnCrash: 0, Is64bit: 1, IsPro: 0

COMMAND LINE ARGUMENTS:
F:\2021.1.26f1\Editor\Unity.exe
-adb2
-batchMode
-noUpm
-name
AssetImportWorker0
-projectPath
F:/Unity Works/Multi player
-logFile
Logs/AssetImportWorker0.log
-srvPort
51439
Successfully changed project path to: F:/Unity Works/Multi player
F:/Unity Works/Multi player
Using Asset Import Pipeline V2.
Refreshing native plugins compatible for Editor in 118.32 ms, found 3 plugins.
Preloading 0 native plugins for Editor in 0.00 ms.
Initialize engine version: 2021.1.26f1 (6f076387c01d)
[Subsystems] Discovering subsystems at path F:/2021.1.26f1/Editor/Data/Resources/UnitySubsystems
[Subsystems] Discovering subsystems at path F:/Unity Works/Multi player/Assets
GfxDevice: creating device client; threaded=0; jobified=0
Direct3D:
    Version:  Direct3D 11.0 [level 11.1]
    Renderer: NVIDIA GeForce RTX 2060 (ID=0x1f15)
    Vendor:   NVIDIA
    VRAM:     5980 MB
    Driver:   30.0.14.9649
Initialize mono
Mono path[0] = 'F:/2021.1.26f1/Editor/Data/Managed'
Mono path[1] = 'F:/2021.1.26f1/Editor/Data/MonoBleedingEdge/lib/mono/unityjit'
Mono config path = 'F:/2021.1.26f1/Editor/Data/MonoBleedingEdge/etc'
Using monoOptions --debugger-agent=transport=dt_socket,embedding=1,server=y,suspend=n,address=127.0.0.1:56248
Begin MonoManager ReloadAssembly
Registering precompiled unity dll's ...
Register platform support module: F:/2021.1.26f1/Editor/Data/PlaybackEngines/WebGLSupport/UnityEditor.WebGL.Extensions.dll
Register platform support module: F:/2021.1.26f1/Editor/Data/PlaybackEngines/WindowsStandaloneSupport/UnityEditor.WindowsStandalone.Extensions.dll
Registered in 0.001192 seconds.
Native extension for WindowsStandalone target not found
Native extension for WebGL target not found
Refreshing native plugins compatible for Editor in 101.47 ms, found 3 plugins.
Preloading 0 native plugins for Editor in 0.00 ms.
Mono: successfully reloaded assembly
- Completed reload, in  1.911 seconds
Domain Reload Profiling:
	ReloadAssembly (1911ms)
		BeginReloadAssembly (66ms)
			ExecutionOrderSort (0ms)
			DisableScriptedObjects (0ms)
			BackupInstance (0ms)
			ReleaseScriptingObjects (0ms)
			CreateAndSetChildDomain (1ms)
		EndReloadAssembly (517ms)
			LoadAssemblies (65ms)
			RebuildTransferFunctionScriptingTraits (0ms)
			SetupTypeCache (171ms)
			ReleaseScriptCaches (0ms)
			RebuildScriptCaches (33ms)
			SetupLoadedEditorAssemblies (265ms)
				LogAssemblyErrors (0ms)
				InitializePlatformSupportModulesInManaged (8ms)
				SetLoadedEditorAssemblies (0ms)
				RefreshPlugins (102ms)
				BeforeProcessingInitializeOnLoad (2ms)
				ProcessInitializeOnLoadAttributes (123ms)
				ProcessInitializeOnLoadMethodAttributes (30ms)
				AfterProcessingInitializeOnLoad (0ms)
				EditorAssembliesLoaded (0ms)
			ExecutionOrderSort2 (0ms)
			AwakeInstancesAfterBackupRestoration (0ms)
Platform modules already initialized, skipping
Registering precompiled user dll's ...
Registered in 0.008192 seconds.
Begin MonoManager ReloadAssembly
Symbol file LoadedFromMemory doesn't match image F:\Unity Works\Multi player\Library\PackageCache\com.unity.visualscripting@1.6.1\Editor\VisualScripting.Core\Dependencies\YamlDotNet\Unity.VisualScripting.YamlDotNet.dll
Symbol file LoadedFromMemory doesn't match image F:\Unity Works\Multi player\Library\PackageCache\com.unity.visualscripting@1.6.1\Editor\VisualScripting.Core\Dependencies\DotNetZip\Unity.VisualScripting.IonicZip.dll
Native extension for WindowsStandalone target not found
Native extension for WebGL target not found
Refreshing native plugins compatible for Editor in 0.67 ms, found 3 plugins.
Preloading 0 native plugins for Editor in 0.00 ms.
Mono: successfully reloaded assembly
- Completed reload, in  1.176 seconds
Domain Reload Profiling:
	ReloadAssembly (1176ms)
		BeginReloadAssembly (168ms)
			ExecutionOrderSort (0ms)
			DisableScriptedObjects (5ms)
			BackupInstance (0ms)
			ReleaseScriptingObjects (0ms)
			CreateAndSetChildDomain (20ms)
		EndReloadAssembly (955ms)
			LoadAssemblies (104ms)
			RebuildTransferFunctionScriptingTraits (0ms)
			SetupTypeCache (375ms)
			ReleaseScriptCaches (1ms)
			RebuildScriptCaches (57ms)
			SetupLoadedEditorAssemblies (333ms)
				LogAssemblyErrors (0ms)
				InitializePlatformSupportModulesInManaged (5ms)
				SetLoadedEditorAssemblies (0ms)
				RefreshPlugins (1ms)
				BeforeProcessingInitializeOnLoad (65ms)
				ProcessInitializeOnLoadAttributes (251ms)
				ProcessInitializeOnLoadMethodAttributes (9ms)
				AfterProcessingInitializeOnLoad (2ms)
				EditorAssembliesLoaded (0ms)
			ExecutionOrderSort2 (0ms)
			AwakeInstancesAfterBackupRestoration (8ms)
Platform modules already initialized, skipping
========================================================================
Worker process is ready to serve import requests
Launched and connected shader compiler UnityShaderCompiler.exe after 0.04 seconds
Refreshing native plugins compatible for Editor in 0.79 ms, found 3 plugins.
Preloading 0 native plugins for Editor in 0.00 ms.
Unloading 3390 Unused Serialized files (Serialized files now loaded: 0)
System memory in use before: 130.4 MB.
System memory in use after: 130.6 MB.

Unloading 29 unused Assets to reduce memory usage. Loaded Objects now: 3857.
Total: 3.635100 ms (FindLiveObjects: 0.265600 ms CreateObjectMapping: 0.173400 ms MarkObjects: 3.133600 ms  DeleteObjects: 0.061500 ms)

AssetImportParameters requested are different than current active one (requested -> active):
  custom:framework-win-MediaFoundation: 216162199b28c13a410421893ffa2e32 -> 
  custom:video-decoder-ogg-theora: a1e56fd34408186e4bbccfd4996cb3dc -> 
  custom:container-muxer-webm: aa71ff27fc2769a1b78a27578f13a17b -> 
  custom:container-demuxer-webm: 4f35f7cbe854078d1ac9338744f61a02 -> 
  custom:container-demuxer-ogg: 62fdf1f143b41e24485cea50d1cbac27 -> 
  custom:video-encoder-webm-vp8: eb34c28f22e8b96e1ab97ce403110664 -> 
  custom:video-codec-MediaFoundation-h265: 746d11721c4dcdbdad8f713fa42b33f4 -> 
  custom:video-decoder-webm-vp8: 9c59270c3fd7afecdb556c50c9e8de78 -> 
  custom:audio-decoder-ogg-vorbis: bf7c407c2cedff20999df2af8eb42d56 -> 
  custom:audio-encoder-webm-vorbis: bf7c407c2cedff20999df2af8eb42d56 -> 
========================================================================
Received Import Request.
  path: Assets/Standard Assets/ParticleSystems/Prefabs/FlareMobile.prefab
  artifactKey: Guid(ccbcfc705a39717429590a9f247ec30a) Importer(815301076,1909f56bfc062723c751e8b465ee728b)
Start importing Assets/Standard Assets/ParticleSystems/Prefabs/FlareMobile.prefab using Guid(ccbcfc705a39717429590a9f247ec30a) Importer(815301076,1909f56bfc062723c751e8b465ee728b)  -> (artifact id: 'c7fc080920c555bf59cb6496f777a8c5') in 0.105937 seconds 
========================================================================
Received Import Request.
  Time since last request: 0.000260 seconds.
  path: Assets/Standard Assets/ParticleSystems/Prefabs/Steam.prefab
  artifactKey: Guid(32aafb358d61bd14b9b27ed0871fe43b) Importer(815301076,1909f56bfc062723c751e8b465ee728b)
Start importing Assets/Standard Assets/ParticleSystems/Prefabs/Steam.prefab using Guid(32aafb358d61bd14b9b27ed0871fe43b) Importer(815301076,1909f56bfc062723c751e8b465ee728b)  -> (artifact id: '3f3acea60e5903ef8fd253bd0bc51251') in 0.048571 seconds 
========================================================================
Received Import Request.
  Time since last request: 0.000313 seconds.
  path: Assets/Standard Assets/ParticleSystems/Prefabs/FireComplex.prefab
  artifactKey: Guid(bf495eacf58e31146ab012aa89ac68da) Importer(815301076,1909f56bfc062723c751e8b465ee728b)
Start importing Assets/Standard Assets/ParticleSystems/Prefabs/FireComplex.prefab using Guid(bf495eacf58e31146ab012aa89ac68da) Importer(815301076,1909f56bfc062723c751e8b465ee728b)  -> (artifact id: '9206b5a012d1c149be31044672afb437') in 0.058629 seconds 
========================================================================
Received Import Request.
  Time since last request: 0.000328 seconds.
  path: Assets/Standard Assets/ParticleSystems/Prefabs/Smoke.prefab
  artifactKey: Guid(921a3ff88856fe04ebc86b196fd8cc59) Importer(815301076,1909f56bfc062723c751e8b465ee728b)
Start importing Assets/Standard Assets/ParticleSystems/Prefabs/Smoke.prefab using Guid(921a3ff88856fe04ebc86b196fd8cc59) Importer(815301076,1909f56bfc062723c751e8b465ee728b)  -> (artifact id: '63897130a961fbd2a03b7e8024098de4') in 0.009184 seconds 
========================================================================
Received Import Request.
  Time since last request: 0.000290 seconds.
  path: Assets/Standard Assets/ParticleSystems/Prefabs/Afterburner.prefab
  artifactKey: Guid(d8c41be67f41aa545ae053b0b927f821) Importer(815301076,1909f56bfc062723c751e8b465ee728b)
Start importing Assets/Standard Assets/ParticleSystems/Prefabs/Afterburner.prefab using Guid(d8c41be67f41aa545ae053b0b927f821) Importer(815301076,1909f56bfc062723c751e8b465ee728b)  -> (artifact id: '7e15f3f97e55ee8dce0511f3ca65a6e8') in 0.008866 seconds 
========================================================================
Received Import Request.
  Time since last request: 0.000294 seconds.
  path: Assets/Standard Assets/ParticleSystems/Prefabs/ExplosionMobile.prefab
  artifactKey: Guid(645413a00f7bd0242bbd6d0e5eb6f439) Importer(815301076,1909f56bfc062723c751e8b465ee728b)
Start importing Assets/Standard Assets/ParticleSystems/Prefabs/ExplosionMobile.prefab using Guid(645413a00f7bd0242bbd6d0e5eb6f439) Importer(815301076,1909f56bfc062723c751e8b465ee728b)  -> (artifact id: 'dba6f6ccdae53e82f5f45d93deb38e5c') in 0.010057 seconds 
========================================================================
Received Import Request.
  Time since last request: 0.000293 seconds.
  path: Assets/Standard Assets/ParticleSystems/Prefabs/Flare.prefab
  artifactKey: Guid(0438351a6e6422d43a09930e9be00ee9) Importer(815301076,1909f56bfc062723c751e8b465ee728b)
Start importing Assets/Standard Assets/ParticleSystems/Prefabs/Flare.prefab using Guid(0438351a6e6422d43a09930e9be00ee9) Importer(815301076,1909f56bfc062723c751e8b465ee728b)  -> (artifact id: '1f3f8b05e1c92292974402f1b1cc5827') in 0.012384 seconds 
========================================================================
Received Import Request.
  Time since last request: 0.000289 seconds.
  path: Assets/Standard Assets/ParticleSystems/Prefabs/HoseMobile.prefab
  artifactKey: Guid(4dbf077105ba797428d118320f2a10aa) Importer(815301076,1909f56bfc062723c751e8b465ee728b)
Start importing Assets/Standard Assets/ParticleSystems/Prefabs/HoseMobile.prefab using Guid(4dbf077105ba797428d118320f2a10aa) Importer(815301076,1909f56bfc062723c751e8b465ee728b)  -> (artifact id: '23fcf61b8400f32c04879465aaf92df9') in 0.009593 seconds 
========================================================================
Received Import Request.
  Time since last request: 0.000288 seconds.
  path: Assets/Standard Assets/ParticleSystems/Prefabs/DustStorm.prefab
  artifactKey: Guid(1f7aa4d40edff6e48b549003cad031e1) Importer(815301076,1909f56bfc062723c751e8b465ee728b)
Start importing Assets/Standard Assets/ParticleSystems/Prefabs/DustStorm.prefab using Guid(1f7aa4d40edff6e48b549003cad031e1) Importer(815301076,1909f56bfc062723c751e8b465ee728b)  -> (artifact id: '48d38a12e3061302059e41e5b32a7275') in 0.009695 seconds 
========================================================================
Received Import Request.
  Time since last request: 0.000298 seconds.
  path: Assets/Standard Assets/ParticleSystems/Prefabs/Fireworks.prefab
  artifactKey: Guid(180149b1a35449044a27b451e816d2de) Importer(815301076,1909f56bfc062723c751e8b465ee728b)
Start importing Assets/Standard Assets/ParticleSystems/Prefabs/Fireworks.prefab using Guid(180149b1a35449044a27b451e816d2de) Importer(815301076,1909f56bfc062723c751e8b465ee728b)  -> (artifact id: '19f9c7e75995e12300638efa51fa66f3') in 0.015021 seconds 
========================================================================
Received Import Request.
  Time since last request: 0.000300 seconds.
  path: Assets/Standard Assets/ParticleSystems/Prefabs/FireMobile.prefab
  artifactKey: Guid(b99a0a5998b2736429fd2a2fd1d01c5e) Importer(815301076,1909f56bfc062723c751e8b465ee728b)
Start importing Assets/Standard Assets/ParticleSystems/Prefabs/FireMobile.prefab using Guid(b99a0a5998b2736429fd2a2fd1d01c5e) Importer(815301076,1909f56bfc062723c751e8b465ee728b)  -> (artifact id: 'c9aab1bbeadc92b2a78ea4424526d80c') in 0.010806 seconds 
========================================================================
Received Import Request.
  Time since last request: 0.000290 seconds.
  path: Assets/Standard Assets/ParticleSystems/Prefabs/DustStormMobile.prefab
  artifactKey: Guid(ed1c797ec3736704db03a0d64d010e33) Importer(815301076,1909f56bfc062723c751e8b465ee728b)
Start importing Assets/Standard Assets/ParticleSystems/Prefabs/DustStormMobile.prefab using Guid(ed1c797ec3736704db03a0d64d010e33) Importer(815301076,1909f56bfc062723c751e8b465ee728b)  -> (artifact id: 'f967b4178d691624dd09b8341399ce6d') in 0.008033 seconds 
========================================================================
Received Import Request.
  Time since last request: 0.000271 seconds.
  path: Assets/Standard Assets/ParticleSystems/Prefabs/Hose.prefab
  artifactKey: Guid(fae5d333f43a55744ab0c44fecefdcae) Importer(815301076,1909f56bfc062723c751e8b465ee728b)
Start importing Assets/Standard Assets/ParticleSystems/Prefabs/Hose.prefab using Guid(fae5d333f43a55744ab0c44fecefdcae) Importer(815301076,1909f56bfc062723c751e8b465ee728b)  -> (artifact id: '67c7c3118067f7076acf24ddf9134235') in 0.009455 seconds 
========================================================================
Received Prepare
Refreshing native plugins compatible for Editor in 5.49 ms, found 3 plugins.
Preloading 0 native plugins for Editor in 0.00 ms.
Unloading 22 Unused Serialized files (Serialized files now loaded: 0)
System memory in use before: 67.9 MB.
System memory in use after: 68.1 MB.

Unloading 24 unused Assets to reduce memory usage. Loaded Objects now: 3867.
Total: 4.011500 ms (FindLiveObjects: 0.258200 ms CreateObjectMapping: 0.180400 ms MarkObjects: 3.538700 ms  DeleteObjects: 0.033300 ms)

AssetImportParameters requested are different than current active one (requested -> active):
  custom:framework-win-MediaFoundation: 216162199b28c13a410421893ffa2e32 -> 
  custom:video-decoder-ogg-theora: a1e56fd34408186e4bbccfd4996cb3dc -> 
  custom:container-muxer-webm: aa71ff27fc2769a1b78a27578f13a17b -> 
  custom:container-demuxer-webm: 4f35f7cbe854078d1ac9338744f61a02 -> 
  custom:container-demuxer-ogg: 62fdf1f143b41e24485cea50d1cbac27 -> 
  custom:video-encoder-webm-vp8: eb34c28f22e8b96e1ab97ce403110664 -> 
  custom:video-codec-MediaFoundation-h265: 746d11721c4dcdbdad8f713fa42b33f4 -> 
  custom:video-decoder-webm-vp8: 9c59270c3fd7afecdb556c50c9e8de78 -> 
  custom:audio-decoder-ogg-vorbis: bf7c407c2cedff20999df2af8eb42d56 -> 
  custom:audio-encoder-webm-vorbis: bf7c407c2cedff20999df2af8eb42d56 -> 
========================================================================
Received Import Request.
  Time since last request: 123.325930 seconds.
  path: Assets/Standard Assets/ParticleSystems/Scripts
  artifactKey: Guid(9721ab373e27146389ae58af7f9ce3cb) Importer(815301076,1909f56bfc062723c751e8b465ee728b)
Start importing Assets/Standard Assets/ParticleSystems/Scripts using Guid(9721ab373e27146389ae58af7f9ce3cb) Importer(815301076,1909f56bfc062723c751e8b465ee728b)  -> (artifact id: '984565f0cf4966875d385c121b463d6a') in 0.006387 seconds 
========================================================================
Received Import Request.
  Time since last request: 8.820596 seconds.
  path: Assets/Standard Assets/ParticleSystems/Scripts/Explosive.cs
  artifactKey: Guid(433e9c8d0293ac4429eaf19bff2b58cf) Importer(815301076,1909f56bfc062723c751e8b465ee728b)
Start importing Assets/Standard Assets/ParticleSystems/Scripts/Explosive.cs using Guid(433e9c8d0293ac4429eaf19bff2b58cf) Importer(815301076,1909f56bfc062723c751e8b465ee728b)  -> (artifact id: '6dfa1e606bbc7904358b2be217cb6765') in 0.025279 seconds 
========================================================================
Received Prepare
Registering precompiled user dll's ...
Registered in 0.010268 seconds.
Begin MonoManager ReloadAssembly
Symbol file LoadedFromMemory doesn't match image F:\Unity Works\Multi player\Library\PackageCache\com.unity.visualscripting@1.6.1\Editor\VisualScripting.Core\Dependencies\YamlDotNet\Unity.VisualScripting.YamlDotNet.dll
Symbol file LoadedFromMemory doesn't match image F:\Unity Works\Multi player\Library\PackageCache\com.unity.visualscripting@1.6.1\Editor\VisualScripting.Core\Dependencies\DotNetZip\Unity.VisualScripting.IonicZip.dll
Native extension for WindowsStandalone target not found
Native extension for WebGL target not found
Refreshing native plugins compatible for Editor in 0.69 ms, found 3 plugins.
Preloading 0 native plugins for Editor in 0.00 ms.
Mono: successfully reloaded assembly
- Completed reload, in  1.164 seconds
Domain Reload Profiling:
	ReloadAssembly (1165ms)
		BeginReloadAssembly (138ms)
			ExecutionOrderSort (0ms)
			DisableScriptedObjects (5ms)
			BackupInstance (0ms)
			ReleaseScriptingObjects (0ms)
			CreateAndSetChildDomain (39ms)
		EndReloadAssembly (957ms)
			LoadAssemblies (107ms)
			RebuildTransferFunctionScriptingTraits (0ms)
			SetupTypeCache (382ms)
			ReleaseScriptCaches (1ms)
			RebuildScriptCaches (46ms)
			SetupLoadedEditorAssemblies (318ms)
				LogAssemblyErrors (0ms)
				InitializePlatformSupportModulesInManaged (5ms)
				SetLoadedEditorAssemblies (0ms)
				RefreshPlugins (1ms)
				BeforeProcessingInitializeOnLoad (48ms)
				ProcessInitializeOnLoadAttributes (249ms)
				ProcessInitializeOnLoadMethodAttributes (12ms)
				AfterProcessingInitializeOnLoad (2ms)
				EditorAssembliesLoaded (0ms)
			ExecutionOrderSort2 (0ms)
			AwakeInstancesAfterBackupRestoration (11ms)
Platform modules already initialized, skipping
Switching build target platform(19) subTarget(0) extendedPlatform(0) -> platform(13) subTarget(537395200) extendedPlatform(0)
Refreshing native plugins compatible for Editor in 0.72 ms, found 3 plugins.
Preloading 0 native plugins for Editor in 0.00 ms.
Unloading 3390 Unused Serialized files (Serialized files now loaded: 0)
System memory in use before: 133.9 MB.
System memory in use after: 134.1 MB.

Unloading 24 unused Assets to reduce memory usage. Loaded Objects now: 3878.
Total: 3.691200 ms (FindLiveObjects: 0.276000 ms CreateObjectMapping: 0.193100 ms MarkObjects: 3.199900 ms  DeleteObjects: 0.021400 ms)

AssetImportParameters requested are different than current active one (requested -> active):
  custom:framework-win-MediaFoundation: 216162199b28c13a410421893ffa2e32 -> 
  custom:video-decoder-ogg-theora: a1e56fd34408186e4bbccfd4996cb3dc -> 
  custom:container-muxer-webm: aa71ff27fc2769a1b78a27578f13a17b -> 
  custom:container-demuxer-webm: 4f35f7cbe854078d1ac9338744f61a02 -> 
  custom:container-demuxer-ogg: 62fdf1f143b41e24485cea50d1cbac27 -> 
  custom:video-encoder-webm-vp8: eb34c28f22e8b96e1ab97ce403110664 -> 
  custom:video-codec-MediaFoundation-h265: 746d11721c4dcdbdad8f713fa42b33f4 -> 
  custom:video-decoder-webm-vp8: 9c59270c3fd7afecdb556c50c9e8de78 -> 
  custom:graphics/normal-map-encoding: 01000000000000000000000000000000 -> 02000000000000000000000000000000
  custom:audio-decoder-ogg-vorbis: bf7c407c2cedff20999df2af8eb42d56 -> 
  custom:audio-encoder-webm-vorbis: bf7c407c2cedff20999df2af8eb42d56 -> 
========================================================================
Received Prepare
Registering precompiled user dll's ...
Registered in 0.009765 seconds.
Begin MonoManager ReloadAssembly
Symbol file LoadedFromMemory doesn't match image F:\Unity Works\Multi player\Library\PackageCache\com.unity.visualscripting@1.6.1\Editor\VisualScripting.Core\Dependencies\YamlDotNet\Unity.VisualScripting.YamlDotNet.dll
Symbol file LoadedFromMemory doesn't match image F:\Unity Works\Multi player\Library\PackageCache\com.unity.visualscripting@1.6.1\Editor\VisualScripting.Core\Dependencies\DotNetZip\Unity.VisualScripting.IonicZip.dll
Native extension for WindowsStandalone target not found
Native extension for WebGL target not found
Refreshing native plugins compatible for Editor in 0.71 ms, found 3 plugins.
Preloading 0 native plugins for Editor in 0.00 ms.
Mono: successfully reloaded assembly
- Completed reload, in  1.163 seconds
Domain Reload Profiling:
	ReloadAssembly (1164ms)
		BeginReloadAssembly (149ms)
			ExecutionOrderSort (0ms)
			DisableScriptedObjects (5ms)
			BackupInstance (0ms)
			ReleaseScriptingObjects (0ms)
			CreateAndSetChildDomain (46ms)
		EndReloadAssembly (950ms)
			LoadAssemblies (119ms)
			RebuildTransferFunctionScriptingTraits (0ms)
			SetupTypeCache (393ms)
			ReleaseScriptCaches (1ms)
			RebuildScriptCaches (47ms)
			SetupLoadedEditorAssemblies (304ms)
				LogAssemblyErrors (0ms)
				InitializePlatformSupportModulesInManaged (6ms)
				SetLoadedEditorAssemblies (0ms)
				RefreshPlugins (1ms)
				BeforeProcessingInitializeOnLoad (48ms)
				ProcessInitializeOnLoadAttributes (240ms)
				ProcessInitializeOnLoadMethodAttributes (8ms)
				AfterProcessingInitializeOnLoad (2ms)
				EditorAssembliesLoaded (0ms)
			ExecutionOrderSort2 (0ms)
			AwakeInstancesAfterBackupRestoration (7ms)
Platform modules already initialized, skipping
Switching build target platform(19) subTarget(0) extendedPlatform(0) -> platform(13) subTarget(537395200) extendedPlatform(0)
Refreshing native plugins compatible for Editor in 2.08 ms, found 3 plugins.
Preloading 0 native plugins for Editor in 0.00 ms.
Unloading 3390 Unused Serialized files (Serialized files now loaded: 0)
System memory in use before: 134.0 MB.
System memory in use after: 134.2 MB.

Unloading 24 unused Assets to reduce memory usage. Loaded Objects now: 3880.
Total: 13.161800 ms (FindLiveObjects: 0.710500 ms CreateObjectMapping: 0.612700 ms MarkObjects: 11.768100 ms  DeleteObjects: 0.067400 ms)

AssetImportParameters requested are different than current active one (requested -> active):
  custom:framework-win-MediaFoundation: 216162199b28c13a410421893ffa2e32 -> 
  custom:video-decoder-ogg-theora: a1e56fd34408186e4bbccfd4996cb3dc -> 
  custom:container-muxer-webm: aa71ff27fc2769a1b78a27578f13a17b -> 
  custom:container-demuxer-webm: 4f35f7cbe854078d1ac9338744f61a02 -> 
  custom:container-demuxer-ogg: 62fdf1f143b41e24485cea50d1cbac27 -> 
  custom:video-encoder-webm-vp8: eb34c28f22e8b96e1ab97ce403110664 -> 
  custom:video-codec-MediaFoundation-h265: 746d11721c4dcdbdad8f713fa42b33f4 -> 
  custom:video-decoder-webm-vp8: 9c59270c3fd7afecdb556c50c9e8de78 -> 
  custom:graphics/normal-map-encoding: 01000000000000000000000000000000 -> 02000000000000000000000000000000
  custom:audio-decoder-ogg-vorbis: bf7c407c2cedff20999df2af8eb42d56 -> 
  custom:audio-encoder-webm-vorbis: bf7c407c2cedff20999df2af8eb42d56 -> 
========================================================================
Received Import Request.
  Time since last request: 139.117667 seconds.
  path: Assets/Scripts/ShootTankScript.cs
  artifactKey: Guid(84ab043517a3e4243bc38ab4a1d06b5d) Importer(815301076,1909f56bfc062723c751e8b465ee728b)
Start importing Assets/Scripts/ShootTankScript.cs using Guid(84ab043517a3e4243bc38ab4a1d06b5d) Importer(815301076,1909f56bfc062723c751e8b465ee728b)  -> (artifact id: '9ce163fe94dae92b79b969014f6546f5') in 0.008807 seconds 
========================================================================
Received Import Request.
  Time since last request: 14.968896 seconds.
  path: Assets/Scripts/ShootTankScript.cs
  artifactKey: Guid(84ab043517a3e4243bc38ab4a1d06b5d) Importer(815301076,1909f56bfc062723c751e8b465ee728b)
Start importing Assets/Scripts/ShootTankScript.cs using Guid(84ab043517a3e4243bc38ab4a1d06b5d) Importer(815301076,1909f56bfc062723c751e8b465ee728b)  -> (artifact id: '00000000000000000000000000000000') in 0.003523 seconds  code(4) message(Build asset version error: assets/scripts/shoottankscript.cs in SourceAssetDB has modification time of '2021-11-16T10:43:26.284955Z' while content on disk has modification time of '2021-11-16T10:43:26.5552322Z')
  ERROR: Build asset version error: assets/scripts/shoottankscript.cs in SourceAssetDB has modification time of '2021-11-16T10:43:26.284955Z' while content on disk has modification time of '2021-11-16T10:43:26.5552322Z'
========================================================================
Received Prepare
Registering precompiled user dll's ...
Registered in 0.008965 seconds.
Begin MonoManager ReloadAssembly
Symbol file LoadedFromMemory doesn't match image F:\Unity Works\Multi player\Library\PackageCache\com.unity.visualscripting@1.6.1\Editor\VisualScripting.Core\Dependencies\YamlDotNet\Unity.VisualScripting.YamlDotNet.dll
Symbol file LoadedFromMemory doesn't match image F:\Unity Works\Multi player\Library\PackageCache\com.unity.visualscripting@1.6.1\Editor\VisualScripting.Core\Dependencies\DotNetZip\Unity.VisualScripting.IonicZip.dll
Native extension for WindowsStandalone target not found
Native extension for WebGL target not found
Refreshing native plugins compatible for Editor in 0.73 ms, found 3 plugins.
Preloading 0 native plugins for Editor in 0.00 ms.
Mono: successfully reloaded assembly
- Completed reload, in  1.170 seconds
Domain Reload Profiling:
	ReloadAssembly (1171ms)
		BeginReloadAssembly (137ms)
			ExecutionOrderSort (0ms)
			DisableScriptedObjects (5ms)
			BackupInstance (0ms)
			ReleaseScriptingObjects (0ms)
			CreateAndSetChildDomain (40ms)
		EndReloadAssembly (978ms)
			LoadAssemblies (117ms)
			RebuildTransferFunctionScriptingTraits (0ms)
			SetupTypeCache (380ms)
			ReleaseScriptCaches (1ms)
			RebuildScriptCaches (46ms)
			SetupLoadedEditorAssemblies (333ms)
				LogAssemblyErrors (0ms)
				InitializePlatformSupportModulesInManaged (6ms)
				SetLoadedEditorAssemblies (0ms)
				RefreshPlugins (1ms)
				BeforeProcessingInitializeOnLoad (56ms)
				ProcessInitializeOnLoadAttributes (259ms)
				ProcessInitializeOnLoadMethodAttributes (10ms)
				AfterProcessingInitializeOnLoad (2ms)
				EditorAssembliesLoaded (0ms)
			ExecutionOrderSort2 (0ms)
			AwakeInstancesAfterBackupRestoration (8ms)
Platform modules already initialized, skipping
Switching build target platform(19) subTarget(0) extendedPlatform(0) -> platform(13) subTarget(537395200) extendedPlatform(0)
Refreshing native plugins compatible for Editor in 0.75 ms, found 3 plugins.
Preloading 0 native plugins for Editor in 0.00 ms.
Unloading 3390 Unused Serialized files (Serialized files now loaded: 0)
System memory in use before: 134.1 MB.
System memory in use after: 134.4 MB.

Unloading 24 unused Assets to reduce memory usage. Loaded Objects now: 3882.
Total: 4.009300 ms (FindLiveObjects: 0.269100 ms CreateObjectMapping: 0.186500 ms MarkObjects: 3.532600 ms  DeleteObjects: 0.020000 ms)

AssetImportParameters requested are different than current active one (requested -> active):
  custom:framework-win-MediaFoundation: 216162199b28c13a410421893ffa2e32 -> 
  custom:video-decoder-ogg-theora: a1e56fd34408186e4bbccfd4996cb3dc -> 
  custom:container-muxer-webm: aa71ff27fc2769a1b78a27578f13a17b -> 
  custom:container-demuxer-webm: 4f35f7cbe854078d1ac9338744f61a02 -> 
  custom:container-demuxer-ogg: 62fdf1f143b41e24485cea50d1cbac27 -> 
  custom:video-encoder-webm-vp8: eb34c28f22e8b96e1ab97ce403110664 -> 
  custom:video-codec-MediaFoundation-h265: 746d11721c4dcdbdad8f713fa42b33f4 -> 
  custom:video-decoder-webm-vp8: 9c59270c3fd7afecdb556c50c9e8de78 -> 
  custom:graphics/normal-map-encoding: 01000000000000000000000000000000 -> 02000000000000000000000000000000
  custom:audio-decoder-ogg-vorbis: bf7c407c2cedff20999df2af8eb42d56 -> 
  custom:audio-encoder-webm-vorbis: bf7c407c2cedff20999df2af8eb42d56 -> 
========================================================================
Received Import Request.
  Time since last request: 7.712599 seconds.
  path: Assets/Scripts/ShootTankScript.cs
  artifactKey: Guid(84ab043517a3e4243bc38ab4a1d06b5d) Importer(815301076,1909f56bfc062723c751e8b465ee728b)
Start importing Assets/Scripts/ShootTankScript.cs using Guid(84ab043517a3e4243bc38ab4a1d06b5d) Importer(815301076,1909f56bfc062723c751e8b465ee728b)  -> (artifact id: '2f2e34c8a92ca1ecc5fff9b5af67a065') in 0.006128 seconds 
========================================================================
Received Prepare
Registering precompiled user dll's ...
Registered in 0.008957 seconds.
Begin MonoManager ReloadAssembly
Symbol file LoadedFromMemory doesn't match image F:\Unity Works\Multi player\Library\PackageCache\com.unity.visualscripting@1.6.1\Editor\VisualScripting.Core\Dependencies\YamlDotNet\Unity.VisualScripting.YamlDotNet.dll
Symbol file LoadedFromMemory doesn't match image F:\Unity Works\Multi player\Library\PackageCache\com.unity.visualscripting@1.6.1\Editor\VisualScripting.Core\Dependencies\DotNetZip\Unity.VisualScripting.IonicZip.dll
Native extension for WindowsStandalone target not found
Native extension for WebGL target not found
Refreshing native plugins compatible for Editor in 1.91 ms, found 3 plugins.
Preloading 0 native plugins for Editor in 0.00 ms.
Mono: successfully reloaded assembly
- Completed reload, in  1.213 seconds
Domain Reload Profiling:
	ReloadAssembly (1214ms)
		BeginReloadAssembly (138ms)
			ExecutionOrderSort (0ms)
			DisableScriptedObjects (5ms)
			BackupInstance (0ms)
			ReleaseScriptingObjects (0ms)
			CreateAndSetChildDomain (43ms)
		EndReloadAssembly (1017ms)
			LoadAssemblies (110ms)
			RebuildTransferFunctionScriptingTraits (0ms)
			SetupTypeCache (382ms)
			ReleaseScriptCaches (1ms)
			RebuildScriptCaches (48ms)
			SetupLoadedEditorAssemblies (351ms)
				LogAssemblyErrors (0ms)
				InitializePlatformSupportModulesInManaged (9ms)
				SetLoadedEditorAssemblies (1ms)
				RefreshPlugins (2ms)
				BeforeProcessingInitializeOnLoad (62ms)
				ProcessInitializeOnLoadAttributes (265ms)
				ProcessInitializeOnLoadMethodAttributes (10ms)
				AfterProcessingInitializeOnLoad (2ms)
				EditorAssembliesLoaded (0ms)
			ExecutionOrderSort2 (0ms)
			AwakeInstancesAfterBackupRestoration (9ms)
Platform modules already initialized, skipping
Switching build target platform(19) subTarget(0) extendedPlatform(0) -> platform(13) subTarget(537395200) extendedPlatform(0)
Refreshing native plugins compatible for Editor in 0.70 ms, found 3 plugins.
Preloading 0 native plugins for Editor in 0.00 ms.
Unloading 3390 Unused Serialized files (Serialized files now loaded: 0)
System memory in use before: 134.1 MB.
System memory in use after: 134.4 MB.

Unloading 24 unused Assets to reduce memory usage. Loaded Objects now: 3884.
Total: 4.440600 ms (FindLiveObjects: 0.255600 ms CreateObjectMapping: 0.157600 ms MarkObjects: 4.007400 ms  DeleteObjects: 0.019200 ms)

AssetImportParameters requested are different than current active one (requested -> active):
  custom:framework-win-MediaFoundation: 216162199b28c13a410421893ffa2e32 -> 
  custom:video-decoder-ogg-theora: a1e56fd34408186e4bbccfd4996cb3dc -> 
  custom:container-muxer-webm: aa71ff27fc2769a1b78a27578f13a17b -> 
  custom:container-demuxer-webm: 4f35f7cbe854078d1ac9338744f61a02 -> 
  custom:container-demuxer-ogg: 62fdf1f143b41e24485cea50d1cbac27 -> 
  custom:video-encoder-webm-vp8: eb34c28f22e8b96e1ab97ce403110664 -> 
  custom:video-codec-MediaFoundation-h265: 746d11721c4dcdbdad8f713fa42b33f4 -> 
  custom:video-decoder-webm-vp8: 9c59270c3fd7afecdb556c50c9e8de78 -> 
  custom:graphics/normal-map-encoding: 01000000000000000000000000000000 -> 02000000000000000000000000000000
  custom:audio-decoder-ogg-vorbis: bf7c407c2cedff20999df2af8eb42d56 -> 
  custom:audio-encoder-webm-vorbis: bf7c407c2cedff20999df2af8eb42d56 -> 
========================================================================
Received Prepare
Registering precompiled user dll's ...
Registered in 0.008431 seconds.
Begin MonoManager ReloadAssembly
Symbol file LoadedFromMemory doesn't match image F:\Unity Works\Multi player\Library\PackageCache\com.unity.visualscripting@1.6.1\Editor\VisualScripting.Core\Dependencies\YamlDotNet\Unity.VisualScripting.YamlDotNet.dll
Symbol file LoadedFromMemory doesn't match image F:\Unity Works\Multi player\Library\PackageCache\com.unity.visualscripting@1.6.1\Editor\VisualScripting.Core\Dependencies\DotNetZip\Unity.VisualScripting.IonicZip.dll
Native extension for WindowsStandalone target not found
Native extension for WebGL target not found
Refreshing native plugins compatible for Editor in 0.71 ms, found 3 plugins.
Preloading 0 native plugins for Editor in 0.00 ms.
Mono: successfully reloaded assembly
- Completed reload, in  1.108 seconds
Domain Reload Profiling:
	ReloadAssembly (1108ms)
		BeginReloadAssembly (158ms)
			ExecutionOrderSort (0ms)
			DisableScriptedObjects (5ms)
			BackupInstance (0ms)
			ReleaseScriptingObjects (0ms)
			CreateAndSetChildDomain (42ms)
		EndReloadAssembly (897ms)
			LoadAssemblies (127ms)
			RebuildTransferFunctionScriptingTraits (0ms)
			SetupTypeCache (364ms)
			ReleaseScriptCaches (1ms)
			RebuildScriptCaches (42ms)
			SetupLoadedEditorAssemblies (292ms)
				LogAssemblyErrors (0ms)
				InitializePlatformSupportModulesInManaged (5ms)
				SetLoadedEditorAssemblies (0ms)
				RefreshPlugins (1ms)
				BeforeProcessingInitializeOnLoad (46ms)
				ProcessInitializeOnLoadAttributes (229ms)
				ProcessInitializeOnLoadMethodAttributes (8ms)
				AfterProcessingInitializeOnLoad (3ms)
				EditorAssembliesLoaded (0ms)
			ExecutionOrderSort2 (0ms)
			AwakeInstancesAfterBackupRestoration (8ms)
Platform modules already initialized, skipping
Switching build target platform(19) subTarget(0) extendedPlatform(0) -> platform(13) subTarget(537395200) extendedPlatform(0)
Refreshing native plugins compatible for Editor in 1.22 ms, found 3 plugins.
Preloading 0 native plugins for Editor in 0.00 ms.
Unloading 3390 Unused Serialized files (Serialized files now loaded: 0)
System memory in use before: 134.1 MB.
System memory in use after: 134.4 MB.

Unloading 24 unused Assets to reduce memory usage. Loaded Objects now: 3886.
Total: 3.608000 ms (FindLiveObjects: 0.268600 ms CreateObjectMapping: 0.171000 ms MarkObjects: 3.147200 ms  DeleteObjects: 0.019800 ms)

AssetImportParameters requested are different than current active one (requested -> active):
  custom:framework-win-MediaFoundation: 216162199b28c13a410421893ffa2e32 -> 
  custom:video-decoder-ogg-theora: a1e56fd34408186e4bbccfd4996cb3dc -> 
  custom:container-muxer-webm: aa71ff27fc2769a1b78a27578f13a17b -> 
  custom:container-demuxer-webm: 4f35f7cbe854078d1ac9338744f61a02 -> 
  custom:container-demuxer-ogg: 62fdf1f143b41e24485cea50d1cbac27 -> 
  custom:video-encoder-webm-vp8: eb34c28f22e8b96e1ab97ce403110664 -> 
  custom:video-codec-MediaFoundation-h265: 746d11721c4dcdbdad8f713fa42b33f4 -> 
  custom:video-decoder-webm-vp8: 9c59270c3fd7afecdb556c50c9e8de78 -> 
  custom:graphics/normal-map-encoding: 01000000000000000000000000000000 -> 02000000000000000000000000000000
  custom:audio-decoder-ogg-vorbis: bf7c407c2cedff20999df2af8eb42d56 -> 
  custom:audio-encoder-webm-vorbis: bf7c407c2cedff20999df2af8eb42d56 -> 
========================================================================
Received Import Request.
  Time since last request: 618.336197 seconds.
  path: Assets/Standard Assets/Fonts/OpenSans/OpenSansLight.ttf
  artifactKey: Guid(04a842e316b6f44bf8da702de26a8ed6) Importer(815301076,1909f56bfc062723c751e8b465ee728b)
Start importing Assets/Standard Assets/Fonts/OpenSans/OpenSansLight.ttf using Guid(04a842e316b6f44bf8da702de26a8ed6) Importer(815301076,1909f56bfc062723c751e8b465ee728b)  -> (artifact id: '7304d24188b07abfbd23ba5558dd623e') in 0.084695 seconds 
========================================================================
Received Import Request.
  Time since last request: 0.000298 seconds.
  path: Assets/Standard Assets/Fonts/Unipix.ttf
  artifactKey: Guid(1f16052dfd5f6f54e94e97ecedd4c86b) Importer(815301076,1909f56bfc062723c751e8b465ee728b)
Start importing Assets/Standard Assets/Fonts/Unipix.ttf using Guid(1f16052dfd5f6f54e94e97ecedd4c86b) Importer(815301076,1909f56bfc062723c751e8b465ee728b)  -> (artifact id: 'ab7d44a25b22417fad080397cde2995b') in 0.011176 seconds 
========================================================================
Received Import Request.
  Time since last request: 0.000346 seconds.
  path: Assets/Standard Assets/Fonts/OpenSans/OpenSansRegular.ttf
  artifactKey: Guid(b51a3e520f9164da198dc59c8acfccd6) Importer(815301076,1909f56bfc062723c751e8b465ee728b)
Start importing Assets/Standard Assets/Fonts/OpenSans/OpenSansRegular.ttf using Guid(b51a3e520f9164da198dc59c8acfccd6) Importer(815301076,1909f56bfc062723c751e8b465ee728b)  -> (artifact id: '68119e4e4cb719a0a9772f069e1063f9') in 0.010474 seconds 
========================================================================
Received Import Request.
  Time since last request: 0.000313 seconds.
  path: Assets/Standard Assets/Fonts/OpenSans/OpenSansSemibold.ttf
  artifactKey: Guid(01cd679a1b9ee48bf9c546f6ce2cb97e) Importer(815301076,1909f56bfc062723c751e8b465ee728b)
Start importing Assets/Standard Assets/Fonts/OpenSans/OpenSansSemibold.ttf using Guid(01cd679a1b9ee48bf9c546f6ce2cb97e) Importer(815301076,1909f56bfc062723c751e8b465ee728b)  -> (artifact id: '18a04cd83d51fe2db729cc66e60a3987') in 0.010614 seconds 
========================================================================
Received Import Request.
  Time since last request: 0.000295 seconds.
  path: Assets/Photon Unity Networking/Demos/Shared Assets/Skin/Orbitron Black.ttf
  artifactKey: Guid(495c9e2a934bcc640a8d7427b13cb680) Importer(815301076,1909f56bfc062723c751e8b465ee728b)
Start importing Assets/Photon Unity Networking/Demos/Shared Assets/Skin/Orbitron Black.ttf using Guid(495c9e2a934bcc640a8d7427b13cb680) Importer(815301076,1909f56bfc062723c751e8b465ee728b)  -> (artifact id: '29ed3be75fb44005702f0600a42993e9') in 0.010359 seconds 
========================================================================
Received Import Request.
  Time since last request: 2.960233 seconds.
  path: Assets/Photon Unity Networking/Demos/DemoRockPaperScissors/Assets/OpenSans/OpenSans-Semibold.ttf
  artifactKey: Guid(23ccffaf915b101419d098a118141d9a) Importer(815301076,1909f56bfc062723c751e8b465ee728b)
Start importing Assets/Photon Unity Networking/Demos/DemoRockPaperScissors/Assets/OpenSans/OpenSans-Semibold.ttf using Guid(23ccffaf915b101419d098a118141d9a) Importer(815301076,1909f56bfc062723c751e8b465ee728b)  -> (artifact id: '91b2210931769ef680b5c0893ff171b8') in 0.014131 seconds 
========================================================================
Received Import Request.
  Time since last request: 0.000348 seconds.
  path: Assets/Standard Assets/Fonts/OpenSans/OpenSansBold.ttf
  artifactKey: Guid(87c316b602156405d92e616621658222) Importer(815301076,1909f56bfc062723c751e8b465ee728b)
Start importing Assets/Standard Assets/Fonts/OpenSans/OpenSansBold.ttf using Guid(87c316b602156405d92e616621658222) Importer(815301076,1909f56bfc062723c751e8b465ee728b)  -> (artifact id: '9c003bcb3e74640c70cfd5ca964752d0') in 0.013096 seconds 
========================================================================
Received Import Request.
  Time since last request: 0.652844 seconds.
  path: Assets/Photon Unity Networking/Demos/DemoRockPaperScissors/Assets/OpenSans/OpenSans-Light.ttf
  artifactKey: Guid(a6aa145e5b99127428ecde3a5acbf68b) Importer(815301076,1909f56bfc062723c751e8b465ee728b)
Start importing Assets/Photon Unity Networking/Demos/DemoRockPaperScissors/Assets/OpenSans/OpenSans-Light.ttf using Guid(a6aa145e5b99127428ecde3a5acbf68b) Importer(815301076,1909f56bfc062723c751e8b465ee728b)  -> (artifact id: '6c3e1b8069065499ec6489b4b634dc64') in 0.014218 seconds 
========================================================================
Received Import Request.
  Time since last request: 0.000307 seconds.
  path: Assets/Photon Unity Networking/Demos/DemoRockPaperScissors/Assets/OpenSans/OpenSans-Bold.ttf
  artifactKey: Guid(c2d622bc4892ff441aee9289a6006707) Importer(815301076,1909f56bfc062723c751e8b465ee728b)
Start importing Assets/Photon Unity Networking/Demos/DemoRockPaperScissors/Assets/OpenSans/OpenSans-Bold.ttf using Guid(c2d622bc4892ff441aee9289a6006707) Importer(815301076,1909f56bfc062723c751e8b465ee728b)  -> (artifact id: '5221cf868b146756df9b167167278c2f') in 0.011943 seconds 
========================================================================
Received Import Request.
  Time since last request: 0.000268 seconds.
  path: Assets/Photon Unity Networking/Demos/DemoRockPaperScissors/Assets/OpenSans/OpenSans-Regular.ttf
  artifactKey: Guid(439afd3f954cea94c8e910eef29cd81f) Importer(815301076,1909f56bfc062723c751e8b465ee728b)
Start importing Assets/Photon Unity Networking/Demos/DemoRockPaperScissors/Assets/OpenSans/OpenSans-Regular.ttf using Guid(439afd3f954cea94c8e910eef29cd81f) Importer(815301076,1909f56bfc062723c751e8b465ee728b)  -> (artifact id: '1c91406e8b780ddb842dd85becbdd07a') in 0.011280 seconds 
========================================================================
Received Import Request.
  Time since last request: 0.000317 seconds.
  path: Assets/Photon Unity Networking/Demos/Shared Assets/Skin/Jura-Medium.ttf
  artifactKey: Guid(e00995507c2406448b4c8429136104dd) Importer(815301076,1909f56bfc062723c751e8b465ee728b)
Start importing Assets/Photon Unity Networking/Demos/Shared Assets/Skin/Jura-Medium.ttf using Guid(e00995507c2406448b4c8429136104dd) Importer(815301076,1909f56bfc062723c751e8b465ee728b)  -> (artifact id: '79a980dc7da99177ec67a286e57b1547') in 0.011077 seconds 
========================================================================
Received Import Request.
  Time since last request: 0.130830 seconds.
  path: Assets/Photon Unity Networking/Demos/DemoBoxes/Resources/eurof35.ttf
  artifactKey: Guid(954746d370bc8934299c8c8267543f4f) Importer(815301076,1909f56bfc062723c751e8b465ee728b)
Start importing Assets/Photon Unity Networking/Demos/DemoBoxes/Resources/eurof35.ttf using Guid(954746d370bc8934299c8c8267543f4f) Importer(815301076,1909f56bfc062723c751e8b465ee728b)  -> (artifact id: '91a9b969dfa1de5100fbded549287c4d') in 0.031917 seconds 
========================================================================
Received Import Request.
  Time since last request: 24.567981 seconds.
  path: Assets/Photon Unity Networking/Demos/Shared Assets/Skin/BoxOrangeRed.png
  artifactKey: Guid(72708a25103c3fe4f9074f7296e86b7a) Importer(815301076,1909f56bfc062723c751e8b465ee728b)
Start importing Assets/Photon Unity Networking/Demos/Shared Assets/Skin/BoxOrangeRed.png using Guid(72708a25103c3fe4f9074f7296e86b7a) Importer(815301076,1909f56bfc062723c751e8b465ee728b)  -> (artifact id: '49a2159c0fba82f2e82821047e25748b') in 0.022417 seconds 
========================================================================
Received Import Request.
  Time since last request: 0.000448 seconds.
  path: Assets/Photon Unity Networking/Demos/Shared Assets/Skin/BoxText.png
  artifactKey: Guid(761ff1491b1f86c4d924261c553ac9cc) Importer(815301076,1909f56bfc062723c751e8b465ee728b)
Start importing Assets/Photon Unity Networking/Demos/Shared Assets/Skin/BoxText.png using Guid(761ff1491b1f86c4d924261c553ac9cc) Importer(815301076,1909f56bfc062723c751e8b465ee728b)  -> (artifact id: '5be8574a046f70839155ae72ac9989d3') in 0.010264 seconds 
========================================================================
Received Import Request.
  Time since last request: 0.000452 seconds.
  path: Assets/Photon Unity Networking/Demos/Shared Assets/Skin/RoundedBox.png
  artifactKey: Guid(9b2eedba1e3057e4b998cdef3d448105) Importer(815301076,1909f56bfc062723c751e8b465ee728b)
Start importing Assets/Photon Unity Networking/Demos/Shared Assets/Skin/RoundedBox.png using Guid(9b2eedba1e3057e4b998cdef3d448105) Importer(815301076,1909f56bfc062723c751e8b465ee728b)  -> (artifact id: 'a1df79c112b5549e176536988482af6b') in 0.010267 seconds 
========================================================================
Received Import Request.
  Time since last request: 0.000307 seconds.
  path: Assets/Photon Unity Networking/Demos/Shared Assets/Skin/Toggle.png
  artifactKey: Guid(b213d4a4b20760f49a105e29da3e4a9a) Importer(815301076,1909f56bfc062723c751e8b465ee728b)
Start importing Assets/Photon Unity Networking/Demos/Shared Assets/Skin/Toggle.png using Guid(b213d4a4b20760f49a105e29da3e4a9a) Importer(815301076,1909f56bfc062723c751e8b465ee728b)  -> (artifact id: '9d25c6dca41f531c894380b2e4b0c8f7') in 0.008001 seconds 
========================================================================
Received Import Request.
  Time since last request: 0.000302 seconds.
  path: Assets/Photon Unity Networking/Demos/Shared Assets/Skin/ToggleHover.png
  artifactKey: Guid(b5771695f174e1143b3090393989b688) Importer(815301076,1909f56bfc062723c751e8b465ee728b)
Start importing Assets/Photon Unity Networking/Demos/Shared Assets/Skin/ToggleHover.png using Guid(b5771695f174e1143b3090393989b688) Importer(815301076,1909f56bfc062723c751e8b465ee728b)  -> (artifact id: '24f1ff383ed6b95b0fa5b72b35d72a6f') in 0.010672 seconds 
========================================================================
Received Import Request.
  Time since last request: 0.000367 seconds.
  path: Assets/Photon Unity Networking/Demos/Shared Assets/Skin/BoxTextHover.png
  artifactKey: Guid(13154691f37c1884c865b54d8bd29d6e) Importer(815301076,1909f56bfc062723c751e8b465ee728b)
Start importing Assets/Photon Unity Networking/Demos/Shared Assets/Skin/BoxTextHover.png using Guid(13154691f37c1884c865b54d8bd29d6e) Importer(815301076,1909f56bfc062723c751e8b465ee728b)  -> (artifact id: '7639349aa71c14f6e06dd28392144347') in 0.009188 seconds 
========================================================================
Received Import Request.
  Time since last request: 0.000330 seconds.
  path: Assets/Photon Unity Networking/Demos/Shared Assets/Skin/ToggleOnHover.png
  artifactKey: Guid(e10a16d9e8c6b844db2d3c1c5e4f231e) Importer(815301076,1909f56bfc062723c751e8b465ee728b)
Start importing Assets/Photon Unity Networking/Demos/Shared Assets/Skin/ToggleOnHover.png using Guid(e10a16d9e8c6b844db2d3c1c5e4f231e) Importer(815301076,1909f56bfc062723c751e8b465ee728b)  -> (artifact id: 'b9d29a34f2508df1e320b7469c6e8adf') in 0.012117 seconds 
========================================================================
Received Import Request.
  Time since last request: 0.000426 seconds.
  path: Assets/Photon Unity Networking/Demos/Shared Assets/Skin/Jura-Flat-Material.mat
  artifactKey: Guid(c190da5d14d0e904ba512abe82018576) Importer(815301076,1909f56bfc062723c751e8b465ee728b)
Start importing Assets/Photon Unity Networking/Demos/Shared Assets/Skin/Jura-Flat-Material.mat using Guid(c190da5d14d0e904ba512abe82018576) Importer(815301076,1909f56bfc062723c751e8b465ee728b)  -> (artifact id: 'a2164edbf811453b5f7ee77b5fa2ca89') in 0.080148 seconds 
========================================================================
Received Import Request.
  Time since last request: 0.000377 seconds.
  path: Assets/Photon Unity Networking/Demos/Shared Assets/Skin/ToggleOn.png
  artifactKey: Guid(0520b1e88ad26ae4bb758a35cdf13a64) Importer(815301076,1909f56bfc062723c751e8b465ee728b)
Start importing Assets/Photon Unity Networking/Demos/Shared Assets/Skin/ToggleOn.png using Guid(0520b1e88ad26ae4bb758a35cdf13a64) Importer(815301076,1909f56bfc062723c751e8b465ee728b)  -> (artifact id: '068b64794b9cebf124aacab702137bef') in 0.008809 seconds 
========================================================================
Received Import Request.
  Time since last request: 226.173610 seconds.
  path: Assets/Photon Unity Networking/Editor/PhotonNetwork/background.png
  artifactKey: Guid(1faa1cf0448470c4ebbb23b97759ab50) Importer(815301076,1909f56bfc062723c751e8b465ee728b)
Start importing Assets/Photon Unity Networking/Editor/PhotonNetwork/background.png using Guid(1faa1cf0448470c4ebbb23b97759ab50) Importer(815301076,1909f56bfc062723c751e8b465ee728b)  -> (artifact id: '7593ef3c3d84e18727286360158900c9') in 0.008238 seconds 
========================================================================
Received Import Request.
  Time since last request: 0.000245 seconds.
  path: Assets/Photon Unity Networking/Demos/Shared Assets/Skin/BoxOrange.png
  artifactKey: Guid(13548d8d0fcb5c44b8044ce08a99c697) Importer(815301076,1909f56bfc062723c751e8b465ee728b)
Start importing Assets/Photon Unity Networking/Demos/Shared Assets/Skin/BoxOrange.png using Guid(13548d8d0fcb5c44b8044ce08a99c697) Importer(815301076,1909f56bfc062723c751e8b465ee728b)  -> (artifact id: 'cae71fb370d92943f4d02317f8554585') in 0.007009 seconds 
========================================================================
Received Import Request.
  Time since last request: 0.000273 seconds.
  path: Assets/Photon Unity Networking/Demos/Shared Assets/Skin/BoxBright.png
  artifactKey: Guid(ab6d288fac925ae48bbeb5e02d83dce3) Importer(815301076,1909f56bfc062723c751e8b465ee728b)
Start importing Assets/Photon Unity Networking/Demos/Shared Assets/Skin/BoxBright.png using Guid(ab6d288fac925ae48bbeb5e02d83dce3) Importer(815301076,1909f56bfc062723c751e8b465ee728b)  -> (artifact id: '909ea4fb67f6e38bdac34e57d27744dd') in 0.009070 seconds 
========================================================================
Received Import Request.
  Time since last request: 0.000438 seconds.
  path: Assets/Photon Unity Networking/Demos/Demo2DJumpAndRunWithPhysics/Sprites/Background.png
  artifactKey: Guid(1bdfbf15f6abec34e9bb38e2d81fcc84) Importer(815301076,1909f56bfc062723c751e8b465ee728b)
Start importing Assets/Photon Unity Networking/Demos/Demo2DJumpAndRunWithPhysics/Sprites/Background.png using Guid(1bdfbf15f6abec34e9bb38e2d81fcc84) Importer(815301076,1909f56bfc062723c751e8b465ee728b)  -> (artifact id: '497b64ae05e8d886cb1999ae94879613') in 0.032488 seconds 
========================================================================
Received Import Request.
  Time since last request: 2.712072 seconds.
  path: Assets/Photon Unity Networking/Demos/Demo2DJumpAndRunWithPhysics/Sprites/CharacterSheet.psd
  artifactKey: Guid(6eedfc74195a44648b72bcf755811a88) Importer(815301076,1909f56bfc062723c751e8b465ee728b)
Start importing Assets/Photon Unity Networking/Demos/Demo2DJumpAndRunWithPhysics/Sprites/CharacterSheet.psd using Guid(6eedfc74195a44648b72bcf755811a88) Importer(815301076,1909f56bfc062723c751e8b465ee728b)  -> (artifact id: 'ada897152a571d6e66faf2d3e74b1b22') in 0.335756 seconds 
========================================================================
Received Import Request.
  Time since last request: 0.000243 seconds.
  path: Assets/Photon Unity Networking/Demos/DemoBoxes/Resources/ColorPreview.png
  artifactKey: Guid(e824c90b700b59a48bb75bf8ac3b5682) Importer(815301076,1909f56bfc062723c751e8b465ee728b)
Start importing Assets/Photon Unity Networking/Demos/DemoBoxes/Resources/ColorPreview.png using Guid(e824c90b700b59a48bb75bf8ac3b5682) Importer(815301076,1909f56bfc062723c751e8b465ee728b)  -> (artifact id: '99fad7913bf64162589a18c2768d5e15') in 0.017595 seconds 
========================================================================
Received Import Request.
  Time since last request: 0.000289 seconds.
  path: Assets/Photon Unity Networking/Demos/DemoWorker/Art/Character Controllers/Sources/PrototypeCharacter/Textures/constructor_normals.png
  artifactKey: Guid(531c14f8d5cdc4e5baa83ee6e16f783a) Importer(815301076,1909f56bfc062723c751e8b465ee728b)
Start importing Assets/Photon Unity Networking/Demos/DemoWorker/Art/Character Controllers/Sources/PrototypeCharacter/Textures/constructor_normals.png using Guid(531c14f8d5cdc4e5baa83ee6e16f783a) Importer(815301076,1909f56bfc062723c751e8b465ee728b)  -> (artifact id: '1a84267dd22320ab50265c2c24f7ea77') in 0.044325 seconds 
========================================================================
Received Import Request.
  Time since last request: 0.000337 seconds.
  path: Assets/Photon Unity Networking/Demos/DemoWorker/Art/Character Controllers/Sources/PrototypeCharacter/Textures/constructor_diffuse.png
  artifactKey: Guid(97b050d43ac7c4d2b9f6cbb587650761) Importer(815301076,1909f56bfc062723c751e8b465ee728b)
Start importing Assets/Photon Unity Networking/Demos/DemoWorker/Art/Character Controllers/Sources/PrototypeCharacter/Textures/constructor_diffuse.png using Guid(97b050d43ac7c4d2b9f6cbb587650761) Importer(815301076,1909f56bfc062723c751e8b465ee728b)  -> (artifact id: 'f5fef529bcdc7c1a63090c9e94790ddb') in 0.024039 seconds 
========================================================================
Received Import Request.
  Time since last request: 1.918739 seconds.
  path: Assets/Photon Unity Networking/Demos/Shared Assets/Textures/Gradient.png
  artifactKey: Guid(4ca1824a2e144f043b9eb7d6e3777659) Importer(815301076,1909f56bfc062723c751e8b465ee728b)
Start importing Assets/Photon Unity Networking/Demos/Shared Assets/Textures/Gradient.png using Guid(4ca1824a2e144f043b9eb7d6e3777659) Importer(815301076,1909f56bfc062723c751e8b465ee728b)  -> (artifact id: '6c8595f5c4fd6236d49546cae71d079b') in 0.017657 seconds 
========================================================================
Received Import Request.
  Time since last request: 0.000350 seconds.
  path: Assets/Models/Material/Texture/ground_basecolor.png
  artifactKey: Guid(63b401b6840c03046ae3d542438551ab) Importer(815301076,1909f56bfc062723c751e8b465ee728b)
Start importing Assets/Models/Material/Texture/ground_basecolor.png using Guid(63b401b6840c03046ae3d542438551ab) Importer(815301076,1909f56bfc062723c751e8b465ee728b)  -> (artifact id: '2c978681f289c7456899b9e204fb214f') in 0.015371 seconds 
========================================================================
Received Import Request.
  Time since last request: 0.172657 seconds.
  path: Assets/Models/Material/Texture/ground_normal.png
  artifactKey: Guid(fd0af2eb2c430014391a8ecf6fee6066) Importer(815301076,1909f56bfc062723c751e8b465ee728b)
Start importing Assets/Models/Material/Texture/ground_normal.png using Guid(fd0af2eb2c430014391a8ecf6fee6066) Importer(815301076,1909f56bfc062723c751e8b465ee728b)  -> (artifact id: '9196116f45851b51c5f28801ac5946f0') in 0.018186 seconds 
========================================================================
Received Import Request.
  Time since last request: 0.000435 seconds.
  path: Assets/Photon Unity Networking/Editor/PhotonNetwork/help.png
  artifactKey: Guid(9f1212502533cb34188dd6ef094188cb) Importer(815301076,1909f56bfc062723c751e8b465ee728b)
Start importing Assets/Photon Unity Networking/Editor/PhotonNetwork/help.png using Guid(9f1212502533cb34188dd6ef094188cb) Importer(815301076,1909f56bfc062723c751e8b465ee728b)  -> (artifact id: '3af08da97009fc3312877560b025ddf8') in 0.009137 seconds 
========================================================================
Received Import Request.
  Time since last request: 0.000343 seconds.
  path: Assets/Photon Unity Networking/Demos/DemoRockPaperScissors/Assets/IconAgain.png
  artifactKey: Guid(a6e8dc287cf5072478409ca9df35bba6) Importer(815301076,1909f56bfc062723c751e8b465ee728b)
Start importing Assets/Photon Unity Networking/Demos/DemoRockPaperScissors/Assets/IconAgain.png using Guid(a6e8dc287cf5072478409ca9df35bba6) Importer(815301076,1909f56bfc062723c751e8b465ee728b)  -> (artifact id: '99431a7215f2176fb7c7a1c2b1db1993') in 0.013493 seconds 
========================================================================
Received Import Request.
  Time since last request: 0.000229 seconds.
  path: Assets/Photon Unity Networking/Demos/DemoRockPaperScissors/Assets/IconPaper.png
  artifactKey: Guid(3dc2c106cbdb165459731317c0d54439) Importer(815301076,1909f56bfc062723c751e8b465ee728b)
Start importing Assets/Photon Unity Networking/Demos/DemoRockPaperScissors/Assets/IconPaper.png using Guid(3dc2c106cbdb165459731317c0d54439) Importer(815301076,1909f56bfc062723c751e8b465ee728b)  -> (artifact id: '9e3d9e73a31eb71c00dde3947954739b') in 0.010726 seconds 
========================================================================
Received Import Request.
  Time since last request: 0.000270 seconds.
  path: Assets/Photon Unity Networking/Demos/DemoRockPaperScissors/Assets/IconPaperSmall.png
  artifactKey: Guid(ef975cc62c5a21740922e73f9d0a5dff) Importer(815301076,1909f56bfc062723c751e8b465ee728b)
Start importing Assets/Photon Unity Networking/Demos/DemoRockPaperScissors/Assets/IconPaperSmall.png using Guid(ef975cc62c5a21740922e73f9d0a5dff) Importer(815301076,1909f56bfc062723c751e8b465ee728b)  -> (artifact id: 'e3aef90d621062370a8e95627272f8f1') in 0.011761 seconds 
========================================================================
Received Import Request.
  Time since last request: 0.000304 seconds.
  path: Assets/Photon Unity Networking/Demos/DemoRockPaperScissors/Assets/IconResultDraw.png
  artifactKey: Guid(f6910fb0d222b0d4b85db3cae6028924) Importer(815301076,1909f56bfc062723c751e8b465ee728b)
Start importing Assets/Photon Unity Networking/Demos/DemoRockPaperScissors/Assets/IconResultDraw.png using Guid(f6910fb0d222b0d4b85db3cae6028924) Importer(815301076,1909f56bfc062723c751e8b465ee728b)  -> (artifact id: '9493aa32dffaf7a80bbda880701ea37b') in 0.012640 seconds 
========================================================================
Received Import Request.
  Time since last request: 0.561494 seconds.
  path: Assets/Photon Unity Networking/Demos/DemoRockPaperScissors/Assets/IconResultLoose.png
  artifactKey: Guid(4fe8df95a3eb9254ca5bed23f34b37fd) Importer(815301076,1909f56bfc062723c751e8b465ee728b)
Start importing Assets/Photon Unity Networking/Demos/DemoRockPaperScissors/Assets/IconResultLoose.png using Guid(4fe8df95a3eb9254ca5bed23f34b37fd) Importer(815301076,1909f56bfc062723c751e8b465ee728b)  -> (artifact id: '019301938ec0eebb03765d390115c508') in 0.013462 seconds 
========================================================================
Received Import Request.
  Time since last request: 0.000321 seconds.
  path: Assets/Photon Unity Networking/Demos/DemoRockPaperScissors/Assets/IconRock.png
  artifactKey: Guid(08fc1cc755dba584aa61c61aa0a70739) Importer(815301076,1909f56bfc062723c751e8b465ee728b)
Start importing Assets/Photon Unity Networking/Demos/DemoRockPaperScissors/Assets/IconRock.png using Guid(08fc1cc755dba584aa61c61aa0a70739) Importer(815301076,1909f56bfc062723c751e8b465ee728b)  -> (artifact id: '3e73a16bb235d10e9fe904c5e2c42b8d') in 0.011573 seconds 
========================================================================
Received Import Request.
  Time since last request: 0.000277 seconds.
  path: Assets/Photon Unity Networking/Demos/DemoRockPaperScissors/Assets/IconResultWin.png
  artifactKey: Guid(3214282c1b4644f4fa39f146ab71066d) Importer(815301076,1909f56bfc062723c751e8b465ee728b)
Start importing Assets/Photon Unity Networking/Demos/DemoRockPaperScissors/Assets/IconResultWin.png using Guid(3214282c1b4644f4fa39f146ab71066d) Importer(815301076,1909f56bfc062723c751e8b465ee728b)  -> (artifact id: 'e6171c25ecdcbf6cdc5b46e2870f0e67') in 0.012260 seconds 
========================================================================
Received Import Request.
  Time since last request: 0.000249 seconds.
  path: Assets/Photon Unity Networking/Demos/DemoRockPaperScissors/Assets/IconRockSmall.png
  artifactKey: Guid(cad927d4fa484b747979bc2f208d3d66) Importer(815301076,1909f56bfc062723c751e8b465ee728b)
Start importing Assets/Photon Unity Networking/Demos/DemoRockPaperScissors/Assets/IconRockSmall.png using Guid(cad927d4fa484b747979bc2f208d3d66) Importer(815301076,1909f56bfc062723c751e8b465ee728b)  -> (artifact id: '70381b6213cbbf82a28cce8372f39a84') in 0.011318 seconds 
========================================================================
Received Import Request.
  Time since last request: 0.000292 seconds.
  path: Assets/Photon Unity Networking/Demos/DemoRockPaperScissors/Assets/IconScissorsSmall.png
  artifactKey: Guid(047d6460ec8dc544a952b99b9693519c) Importer(815301076,1909f56bfc062723c751e8b465ee728b)
Start importing Assets/Photon Unity Networking/Demos/DemoRockPaperScissors/Assets/IconScissorsSmall.png using Guid(047d6460ec8dc544a952b99b9693519c) Importer(815301076,1909f56bfc062723c751e8b465ee728b)  -> (artifact id: '194b942087c7915aaa3cca7fd1650994') in 0.010751 seconds 
========================================================================
Received Import Request.
  Time since last request: 0.000449 seconds.
  path: Assets/Photon Unity Networking/Demos/DemoRockPaperScissors/Assets/IconScissors.png
  artifactKey: Guid(6e8ea354be655a94ca1c30bfa104697c) Importer(815301076,1909f56bfc062723c751e8b465ee728b)
Start importing Assets/Photon Unity Networking/Demos/DemoRockPaperScissors/Assets/IconScissors.png using Guid(6e8ea354be655a94ca1c30bfa104697c) Importer(815301076,1909f56bfc062723c751e8b465ee728b)  -> (artifact id: '806b69e67898f3c07f1ac73121e707ec') in 0.011485 seconds 
========================================================================
Received Import Request.
  Time since last request: 0.685565 seconds.
  path: Assets/Photon Unity Networking/Demos/MarcoPolo-Tutorial/Monstergame/Resources/textures/muktarcolorgoed_1.png
  artifactKey: Guid(411b6fcda46437e41a6f9ad727cafe03) Importer(815301076,1909f56bfc062723c751e8b465ee728b)
Start importing Assets/Photon Unity Networking/Demos/MarcoPolo-Tutorial/Monstergame/Resources/textures/muktarcolorgoed_1.png using Guid(411b6fcda46437e41a6f9ad727cafe03) Importer(815301076,1909f56bfc062723c751e8b465ee728b)  -> (artifact id: '0af7872ea5418ba07d0316e6081ea626') in 0.166735 seconds 
========================================================================
Received Import Request.
  Time since last request: 0.000287 seconds.
  path: Assets/Photon Unity Networking/Demos/MarcoPolo-Tutorial/Monstergame/Resources/textures/muktarnormalhighq_1.png
  artifactKey: Guid(8f3b8af169a9a814698111fd64643579) Importer(815301076,1909f56bfc062723c751e8b465ee728b)
Start importing Assets/Photon Unity Networking/Demos/MarcoPolo-Tutorial/Monstergame/Resources/textures/muktarnormalhighq_1.png using Guid(8f3b8af169a9a814698111fd64643579) Importer(815301076,1909f56bfc062723c751e8b465ee728b)  -> (artifact id: '3cc20bb6d8063f437d2923aa4f0d3ed7') in 0.023103 seconds 
========================================================================
Received Import Request.
  Time since last request: 0.000348 seconds.
  path: Assets/Photon Unity Networking/Demos/MarcoPolo-Tutorial/Monstergame/Resources/textures/oudemanoogcolor_1.png
  artifactKey: Guid(4560358f08b2be84faf7909c817c6bdd) Importer(815301076,1909f56bfc062723c751e8b465ee728b)
Start importing Assets/Photon Unity Networking/Demos/MarcoPolo-Tutorial/Monstergame/Resources/textures/oudemanoogcolor_1.png using Guid(4560358f08b2be84faf7909c817c6bdd) Importer(815301076,1909f56bfc062723c751e8b465ee728b)  -> (artifact id: 'f2ce68f7515a7ef2bde2e65876a5a5ba') in 0.021436 seconds 
========================================================================
Received Import Request.
  Time since last request: 0.000272 seconds.
  path: Assets/Standard Assets/ParticleSystems/Textures/ParticleBokeh.png
  artifactKey: Guid(732e2eebfe574ca47ba46cc3a67965fd) Importer(815301076,1909f56bfc062723c751e8b465ee728b)
Start importing Assets/Standard Assets/ParticleSystems/Textures/ParticleBokeh.png using Guid(732e2eebfe574ca47ba46cc3a67965fd) Importer(815301076,1909f56bfc062723c751e8b465ee728b)  -> (artifact id: '398d45451dbd3458dc7c59bb7070cc8c') in 0.008184 seconds 
========================================================================
Received Import Request.
  Time since last request: 0.000238 seconds.
  path: Assets/Photon Unity Networking/Demos/DemoHub/Sprites/OutlinedSquaredBox.png
  artifactKey: Guid(c222cd02c447941edb09ecb6433229ce) Importer(815301076,1909f56bfc062723c751e8b465ee728b)
Start importing Assets/Photon Unity Networking/Demos/DemoHub/Sprites/OutlinedSquaredBox.png using Guid(c222cd02c447941edb09ecb6433229ce) Importer(815301076,1909f56bfc062723c751e8b465ee728b)  -> (artifact id: '8c56c7fb15dc596937a805966ebe48c3') in 0.010236 seconds 
========================================================================
Received Import Request.
  Time since last request: 0.000342 seconds.
  path: Assets/Standard Assets/ParticleSystems/Textures/ParticleCloudBlack.png
  artifactKey: Guid(830884c18cf5e7a4895ee02c2dcd8e12) Importer(815301076,1909f56bfc062723c751e8b465ee728b)
Start importing Assets/Standard Assets/ParticleSystems/Textures/ParticleCloudBlack.png using Guid(830884c18cf5e7a4895ee02c2dcd8e12) Importer(815301076,1909f56bfc062723c751e8b465ee728b)  -> (artifact id: 'b82c7abd204c214282f9cfd69e20c74d') in 0.009142 seconds 
========================================================================
Received Import Request.
  Time since last request: 8.876237 seconds.
  path: Assets/Standard Assets/ParticleSystems/Textures/ParticleCloudWhite.png
  artifactKey: Guid(5b303ff28ad9368468a2edd759cf458d) Importer(815301076,1909f56bfc062723c751e8b465ee728b)
Start importing Assets/Standard Assets/ParticleSystems/Textures/ParticleCloudWhite.png using Guid(5b303ff28ad9368468a2edd759cf458d) Importer(815301076,1909f56bfc062723c751e8b465ee728b)  -> (artifact id: '4cadbb5e53e3cd7def83d9dbfb00b25e') in 0.008844 seconds 
========================================================================
Received Import Request.
  Time since last request: 0.000247 seconds.
  path: Assets/Standard Assets/ParticleSystems/Textures/ParticleFireballSheet.png
  artifactKey: Guid(87be4190eae46cf459ae6177b8698f03) Importer(815301076,1909f56bfc062723c751e8b465ee728b)
Start importing Assets/Standard Assets/ParticleSystems/Textures/ParticleFireballSheet.png using Guid(87be4190eae46cf459ae6177b8698f03) Importer(815301076,1909f56bfc062723c751e8b465ee728b)  -> (artifact id: 'f0f2eaaf5ac0bff98ffec9a5a37679e4') in 0.013652 seconds 
========================================================================
Received Import Request.
  Time since last request: 0.358184 seconds.
  path: Assets/Standard Assets/ParticleSystems/Textures/ParticleFirecloud.png
  artifactKey: Guid(c3d66a8056f9db345b1ea380aa7e815d) Importer(815301076,1909f56bfc062723c751e8b465ee728b)
Start importing Assets/Standard Assets/ParticleSystems/Textures/ParticleFirecloud.png using Guid(c3d66a8056f9db345b1ea380aa7e815d) Importer(815301076,1909f56bfc062723c751e8b465ee728b)  -> (artifact id: 'cf9c9fc1231be2b8a60b4692e6c85719') in 0.011656 seconds 
========================================================================
Received Import Request.
  Time since last request: 0.000366 seconds.
  path: Assets/Standard Assets/ParticleSystems/Textures/ParticleFlameLickSheet.png
  artifactKey: Guid(3587b30505d00a44c87d9c3b9d8bc35c) Importer(815301076,1909f56bfc062723c751e8b465ee728b)
Start importing Assets/Standard Assets/ParticleSystems/Textures/ParticleFlameLickSheet.png using Guid(3587b30505d00a44c87d9c3b9d8bc35c) Importer(815301076,1909f56bfc062723c751e8b465ee728b)  -> (artifact id: '99ea93b1125a30d5198829d439617196') in 0.014644 seconds 
========================================================================
Received Import Request.
  Time since last request: 0.493346 seconds.
  path: Assets/Standard Assets/ParticleSystems/Textures/ParticleFlamesSheet.png
  artifactKey: Guid(4e505ad81f5b19c4cb6f445d36463955) Importer(815301076,1909f56bfc062723c751e8b465ee728b)
Start importing Assets/Standard Assets/ParticleSystems/Textures/ParticleFlamesSheet.png using Guid(4e505ad81f5b19c4cb6f445d36463955) Importer(815301076,1909f56bfc062723c751e8b465ee728b)  -> (artifact id: 'f0589a974133d36e12cd62852ae7bda0') in 0.012876 seconds 
========================================================================
Received Import Request.
  Time since last request: 0.000411 seconds.
  path: Assets/Standard Assets/ParticleSystems/Textures/ParticleFlare.png
  artifactKey: Guid(76b24fa8a46a2c14f9a7df1e975dc4b9) Importer(815301076,1909f56bfc062723c751e8b465ee728b)
Start importing Assets/Standard Assets/ParticleSystems/Textures/ParticleFlare.png using Guid(76b24fa8a46a2c14f9a7df1e975dc4b9) Importer(815301076,1909f56bfc062723c751e8b465ee728b)  -> (artifact id: '0713d6babb2b94759780de98e31458f1') in 0.016669 seconds 
========================================================================
Received Import Request.
  Time since last request: 0.032061 seconds.
  path: Assets/Photon Unity Networking/Demos/MarcoPolo-Tutorial/Material/Pavement diffuse.png
  artifactKey: Guid(2f48edef5d9a249d487129bd0040980d) Importer(815301076,1909f56bfc062723c751e8b465ee728b)
Start importing Assets/Photon Unity Networking/Demos/MarcoPolo-Tutorial/Material/Pavement diffuse.png using Guid(2f48edef5d9a249d487129bd0040980d) Importer(815301076,1909f56bfc062723c751e8b465ee728b)  -> (artifact id: '490732fa5bbb7a7afc9f36e127551892') in 0.023724 seconds 
========================================================================
Received Import Request.
  Time since last request: 0.000319 seconds.
  path: Assets/Photon Unity Networking/Demos/MarcoPolo-Tutorial/Material/Pavement height.png
  artifactKey: Guid(54729d2f877e64db5ae21ab175bbd297) Importer(815301076,1909f56bfc062723c751e8b465ee728b)
Start importing Assets/Photon Unity Networking/Demos/MarcoPolo-Tutorial/Material/Pavement height.png using Guid(54729d2f877e64db5ae21ab175bbd297) Importer(815301076,1909f56bfc062723c751e8b465ee728b)  -> (artifact id: '1032a24995ac53ea85e10c02e88e1a7c') in 0.018798 seconds 
========================================================================
Received Import Request.
  Time since last request: 0.831974 seconds.
  path: Assets/Photon Unity Networking/Demos/DemoPickup/Assets/PickCharTexture.png
  artifactKey: Guid(50ddac281b22b4d439fed8088ba83950) Importer(815301076,1909f56bfc062723c751e8b465ee728b)
Start importing Assets/Photon Unity Networking/Demos/DemoPickup/Assets/PickCharTexture.png using Guid(50ddac281b22b4d439fed8088ba83950) Importer(815301076,1909f56bfc062723c751e8b465ee728b)  -> (artifact id: '1a7024c3273657028e43a0e5435ab0c6') in 0.030380 seconds 
========================================================================
Received Import Request.
  Time since last request: 0.456864 seconds.
  path: Assets/Photon Unity Networking/Demos/DemoPickup/Assets/PickTexture.png
  artifactKey: Guid(e65a2a70e34593c4cb2840252eb958be) Importer(815301076,1909f56bfc062723c751e8b465ee728b)
Start importing Assets/Photon Unity Networking/Demos/DemoPickup/Assets/PickTexture.png using Guid(e65a2a70e34593c4cb2840252eb958be) Importer(815301076,1909f56bfc062723c751e8b465ee728b)  -> (artifact id: '7d2fd9e32e813900f0ad9855e4cacf79') in 0.029787 seconds 
========================================================================
Received Import Request.
  Time since last request: 0.364584 seconds.
  path: Assets/Photon Unity Networking/Demos/DemoHub/Sprites/PunIcon-White-129.png
  artifactKey: Guid(56bbc6b42271d4177ac313247f47ac1f) Importer(815301076,1909f56bfc062723c751e8b465ee728b)
Start importing Assets/Photon Unity Networking/Demos/DemoHub/Sprites/PunIcon-White-129.png using Guid(56bbc6b42271d4177ac313247f47ac1f) Importer(815301076,1909f56bfc062723c751e8b465ee728b)  -> (artifact id: '5fe7f7f1d16daea121c6da32a9314281') in 0.031994 seconds 
========================================================================
Received Import Request.
  Time since last request: 0.000712 seconds.
  path: Assets/Photon Unity Networking/Demos/Shared Assets/Textures/Robot_Color.png
  artifactKey: Guid(1fbb41709a1d9334696860db720026e5) Importer(815301076,1909f56bfc062723c751e8b465ee728b)
Start importing Assets/Photon Unity Networking/Demos/Shared Assets/Textures/Robot_Color.png using Guid(1fbb41709a1d9334696860db720026e5) Importer(815301076,1909f56bfc062723c751e8b465ee728b)  -> (artifact id: 'ede74aee362eada3408ed42bf862d887') in 0.052729 seconds 
========================================================================
Received Import Request.
  Time since last request: 0.377574 seconds.
  path: Assets/Photon Unity Networking/Demos/Shared Assets/Textures/Robot_Normal.png
  artifactKey: Guid(a1454d7237641fa49a7f66d6bee624ad) Importer(815301076,1909f56bfc062723c751e8b465ee728b)
Start importing Assets/Photon Unity Networking/Demos/Shared Assets/Textures/Robot_Normal.png using Guid(a1454d7237641fa49a7f66d6bee624ad) Importer(815301076,1909f56bfc062723c751e8b465ee728b)  -> (artifact id: '26859a44394ec5004ea94d7d514afda2') in 0.019541 seconds 
========================================================================
Received Import Request.
  Time since last request: 0.039456 seconds.
  path: Assets/Photon Unity Networking/Demos/DemoRockPaperScissors/Assets/RpsLogo.png
  artifactKey: Guid(f0fdef7bd86f76b4d843423af0395ee7) Importer(815301076,1909f56bfc062723c751e8b465ee728b)
Start importing Assets/Photon Unity Networking/Demos/DemoRockPaperScissors/Assets/RpsLogo.png using Guid(f0fdef7bd86f76b4d843423af0395ee7) Importer(815301076,1909f56bfc062723c751e8b465ee728b)  -> (artifact id: 'f17a85d5f75e48d52b9bb4df79beebe9') in 0.008967 seconds 
========================================================================
Received Import Request.
  Time since last request: 0.000252 seconds.
  path: Assets/Photon Unity Networking/Demos/DemoWorker/Art/Simple.png
  artifactKey: Guid(63208023146d7db48808272f2547b257) Importer(815301076,1909f56bfc062723c751e8b465ee728b)
Start importing Assets/Photon Unity Networking/Demos/DemoWorker/Art/Simple.png using Guid(63208023146d7db48808272f2547b257) Importer(815301076,1909f56bfc062723c751e8b465ee728b)  -> (artifact id: '2a048f7b22444c17a1e96a47e6367207') in 0.010027 seconds 
========================================================================
Received Import Request.
  Time since last request: 1.363070 seconds.
  path: Assets/Standard Assets/ParticleSystems/Textures/Spark.png
  artifactKey: Guid(269490de66e33a34dad45a50e3d4c168) Importer(815301076,1909f56bfc062723c751e8b465ee728b)
Start importing Assets/Standard Assets/ParticleSystems/Textures/Spark.png using Guid(269490de66e33a34dad45a50e3d4c168) Importer(815301076,1909f56bfc062723c751e8b465ee728b)  -> (artifact id: '406da5466f529e6a58b296e03bfaadf4') in 0.020091 seconds 
========================================================================
Received Import Request.
  Time since last request: 0.000745 seconds.
  path: Assets/Standard Assets/ParticleSystems/Textures/SplashesFineParticle.png
  artifactKey: Guid(8e44fe896458128418bff33ed3981421) Importer(815301076,1909f56bfc062723c751e8b465ee728b)
Start importing Assets/Standard Assets/ParticleSystems/Textures/SplashesFineParticle.png using Guid(8e44fe896458128418bff33ed3981421) Importer(815301076,1909f56bfc062723c751e8b465ee728b)  -> (artifact id: '167720227410b57e2a94a98f4a9be38a') in 0.022927 seconds 
========================================================================
Received Import Request.
  Time since last request: 0.000512 seconds.
  path: Assets/Standard Assets/ParticleSystems/Textures/SplashesLargeParticle.png
  artifactKey: Guid(832dc5a2501052b4d8f685a7cda3b30b) Importer(815301076,1909f56bfc062723c751e8b465ee728b)
Start importing Assets/Standard Assets/ParticleSystems/Textures/SplashesLargeParticle.png using Guid(832dc5a2501052b4d8f685a7cda3b30b) Importer(815301076,1909f56bfc062723c751e8b465ee728b)  -> (artifact id: 'dfe0c3f50166711f35c52b5cdc9775e7') in 0.010994 seconds 
========================================================================
Received Import Request.
  Time since last request: 0.000279 seconds.
  path: Assets/Photon Unity Networking/Demos/DemoRPGMovement/New Terrain.asset
  artifactKey: Guid(f79ff8ffe534cf94994c4fc73568fecc) Importer(815301076,1909f56bfc062723c751e8b465ee728b)
Start importing Assets/Photon Unity Networking/Demos/DemoRPGMovement/New Terrain.asset using Guid(f79ff8ffe534cf94994c4fc73568fecc) Importer(815301076,1909f56bfc062723c751e8b465ee728b)  -> (artifact id: '1dc209abbd1d8b0014e9ef57a5bb5530') in 0.031938 seconds 
========================================================================
Received Import Request.
  Time since last request: 0.000239 seconds.
  path: Assets/Models/Vehicles/Mesh/Materials/Texture/basic/T95-Barrel-Albedo.png
  artifactKey: Guid(e9dd608558ab86d4ab43943acd7645a0) Importer(815301076,1909f56bfc062723c751e8b465ee728b)
Start importing Assets/Models/Vehicles/Mesh/Materials/Texture/basic/T95-Barrel-Albedo.png using Guid(e9dd608558ab86d4ab43943acd7645a0) Importer(815301076,1909f56bfc062723c751e8b465ee728b)  -> (artifact id: '717aac3f548fe7f3d180559dca4b895b') in 0.066719 seconds 
========================================================================
Received Import Request.
  Time since last request: 0.000295 seconds.
  path: Assets/Models/Vehicles/Mesh/Materials/Texture/basic/T95-Barrel-Metallic.png
  artifactKey: Guid(b2520e9989307b34dbeee6d7bb06d0b2) Importer(815301076,1909f56bfc062723c751e8b465ee728b)
Start importing Assets/Models/Vehicles/Mesh/Materials/Texture/basic/T95-Barrel-Metallic.png using Guid(b2520e9989307b34dbeee6d7bb06d0b2) Importer(815301076,1909f56bfc062723c751e8b465ee728b)  -> (artifact id: '77e1bbfa66e9e20bbd727dd48ebfbec0') in 0.116604 seconds 
========================================================================
Received Import Request.
  Time since last request: 0.238382 seconds.
  path: Assets/Models/Vehicles/Mesh/Materials/Texture/basic/T95-Barrel-Normal.png
  artifactKey: Guid(b0705efad7945274eb4f5171ec156237) Importer(815301076,1909f56bfc062723c751e8b465ee728b)
Start importing Assets/Models/Vehicles/Mesh/Materials/Texture/basic/T95-Barrel-Normal.png using Guid(b0705efad7945274eb4f5171ec156237) Importer(815301076,1909f56bfc062723c751e8b465ee728b)  -> (artifact id: 'de3bf5653e3a6b7a44c8132a9e3f17f9') in 0.122953 seconds 
========================================================================
Received Import Request.
  Time since last request: 0.000225 seconds.
  path: Assets/Models/Vehicles/Mesh/Materials/Texture/basic/T95-Base-1-Albedo.png
  artifactKey: Guid(3ba28388ede90dc4f866223c9bf1ae98) Importer(815301076,1909f56bfc062723c751e8b465ee728b)
Start importing Assets/Models/Vehicles/Mesh/Materials/Texture/basic/T95-Base-1-Albedo.png using Guid(3ba28388ede90dc4f866223c9bf1ae98) Importer(815301076,1909f56bfc062723c751e8b465ee728b)  -> (artifact id: '662c15373b3349d9e9830deab3d5dab3') in 0.073984 seconds 
========================================================================
Received Import Request.
  Time since last request: 0.146602 seconds.
  path: Assets/Models/Vehicles/Mesh/Materials/Texture/basic/T95-Base-1-Metallic.png
  artifactKey: Guid(e0cac9d239e2bec44987cf74227cb0fe) Importer(815301076,1909f56bfc062723c751e8b465ee728b)
Start importing Assets/Models/Vehicles/Mesh/Materials/Texture/basic/T95-Base-1-Metallic.png using Guid(e0cac9d239e2bec44987cf74227cb0fe) Importer(815301076,1909f56bfc062723c751e8b465ee728b)  -> (artifact id: 'ff1c8334abd24ffc5a4e203b5e650434') in 0.127071 seconds 
========================================================================
Received Import Request.
  Time since last request: 0.000189 seconds.
  path: Assets/Models/Vehicles/Mesh/Materials/Texture/basic/T95-Base-1-Normal.png
  artifactKey: Guid(9dec4d6abcf278f4cbf49e5003f9e69f) Importer(815301076,1909f56bfc062723c751e8b465ee728b)
Start importing Assets/Models/Vehicles/Mesh/Materials/Texture/basic/T95-Base-1-Normal.png using Guid(9dec4d6abcf278f4cbf49e5003f9e69f) Importer(815301076,1909f56bfc062723c751e8b465ee728b)  -> (artifact id: '64cb35c0969151d69fe99c2ce72b5a76') in 0.076774 seconds 
========================================================================
Received Import Request.
  Time since last request: 0.214282 seconds.
  path: Assets/Models/Vehicles/Mesh/Materials/Texture/basic/T95-Base-2-Albedo.png
  artifactKey: Guid(158d24194f6dae841bf8f55b8fa86f1e) Importer(815301076,1909f56bfc062723c751e8b465ee728b)
Start importing Assets/Models/Vehicles/Mesh/Materials/Texture/basic/T95-Base-2-Albedo.png using Guid(158d24194f6dae841bf8f55b8fa86f1e) Importer(815301076,1909f56bfc062723c751e8b465ee728b)  -> (artifact id: '7689db1f30fa69598a7a112de8b2f673') in 0.073177 seconds 
========================================================================
Received Import Request.
  Time since last request: 0.000291 seconds.
  path: Assets/Models/Vehicles/Mesh/Materials/Texture/basic/T95-Base-2-Metallic.png
  artifactKey: Guid(d2d1b70ea8defbf439853cd50fdf7132) Importer(815301076,1909f56bfc062723c751e8b465ee728b)
Start importing Assets/Models/Vehicles/Mesh/Materials/Texture/basic/T95-Base-2-Metallic.png using Guid(d2d1b70ea8defbf439853cd50fdf7132) Importer(815301076,1909f56bfc062723c751e8b465ee728b)  -> (artifact id: '155ded175cdd2fa31a1e7fad56e25493') in 0.085891 seconds 
========================================================================
Received Import Request.
  Time since last request: 0.000158 seconds.
  path: Assets/Models/Vehicles/Mesh/Materials/Texture/basic/T95-Base-2-Normal.png
  artifactKey: Guid(dca2e7968be19af40935738519b601f6) Importer(815301076,1909f56bfc062723c751e8b465ee728b)
Start importing Assets/Models/Vehicles/Mesh/Materials/Texture/basic/T95-Base-2-Normal.png using Guid(dca2e7968be19af40935738519b601f6) Importer(815301076,1909f56bfc062723c751e8b465ee728b)  -> (artifact id: 'f9b38704f6f2b147700d7dd57367f387') in 0.065390 seconds 
========================================================================
Received Import Request.
  Time since last request: 0.000327 seconds.
  path: Assets/Models/Vehicles/Mesh/Materials/Texture/basic/T95-Side-Albedo.png
  artifactKey: Guid(53b686fa7014bf8479d53ce840b3ddef) Importer(815301076,1909f56bfc062723c751e8b465ee728b)
Start importing Assets/Models/Vehicles/Mesh/Materials/Texture/basic/T95-Side-Albedo.png using Guid(53b686fa7014bf8479d53ce840b3ddef) Importer(815301076,1909f56bfc062723c751e8b465ee728b)  -> (artifact id: '09b903d826d8c3b9eb2f415537dc7ddf') in 0.076506 seconds 
========================================================================
Received Import Request.
  Time since last request: 0.108987 seconds.
  path: Assets/Models/Vehicles/Mesh/Materials/Texture/basic/T95-Side-Metallic.png
  artifactKey: Guid(f6f4e0c6727bb4b42ba30567c6d8d431) Importer(815301076,1909f56bfc062723c751e8b465ee728b)
Start importing Assets/Models/Vehicles/Mesh/Materials/Texture/basic/T95-Side-Metallic.png using Guid(f6f4e0c6727bb4b42ba30567c6d8d431) Importer(815301076,1909f56bfc062723c751e8b465ee728b)  -> (artifact id: '693444871b490ce11d135ad0617c101e') in 0.092286 seconds 
========================================================================
Received Import Request.
  Time since last request: 0.000196 seconds.
  path: Assets/Models/Vehicles/Mesh/Materials/Texture/basic/T95-Side-Normal.png
  artifactKey: Guid(9935c065bff404746b8886d5972aa2ed) Importer(815301076,1909f56bfc062723c751e8b465ee728b)
Start importing Assets/Models/Vehicles/Mesh/Materials/Texture/basic/T95-Side-Normal.png using Guid(9935c065bff404746b8886d5972aa2ed) Importer(815301076,1909f56bfc062723c751e8b465ee728b)  -> (artifact id: 'a855e191d8aeca70ad3cdcca1aa76274') in 0.076738 seconds 
========================================================================
Received Import Request.
  Time since last request: 0.370290 seconds.
  path: Assets/Models/Vehicles/Mesh/Materials/Texture/basic/T95-Track-Albedo.png
  artifactKey: Guid(d83756972e800f641a73ed07040d0eb9) Importer(815301076,1909f56bfc062723c751e8b465ee728b)
Start importing Assets/Models/Vehicles/Mesh/Materials/Texture/basic/T95-Track-Albedo.png using Guid(d83756972e800f641a73ed07040d0eb9) Importer(815301076,1909f56bfc062723c751e8b465ee728b)  -> (artifact id: 'ac1dfe4ffdb479b199bac102174b7f88') in 0.135546 seconds 
========================================================================
Received Import Request.
  Time since last request: 0.000716 seconds.
  path: Assets/Models/Vehicles/Mesh/Materials/Texture/basic/T95-Track-Metallic.png
  artifactKey: Guid(472c52a1d6af418419d5baf21c6fe525) Importer(815301076,1909f56bfc062723c751e8b465ee728b)
Start importing Assets/Models/Vehicles/Mesh/Materials/Texture/basic/T95-Track-Metallic.png using Guid(472c52a1d6af418419d5baf21c6fe525) Importer(815301076,1909f56bfc062723c751e8b465ee728b)  -> (artifact id: '9ad0689680bcf36eff1a49ef19898dc2') in 0.091056 seconds 
========================================================================
Received Import Request.
  Time since last request: 0.000303 seconds.
  path: Assets/Models/Vehicles/Mesh/Materials/Texture/basic/T95-wheel-Albedo.png
  artifactKey: Guid(845b4dc73ccf71447be88c73113f2ffd) Importer(815301076,1909f56bfc062723c751e8b465ee728b)
Start importing Assets/Models/Vehicles/Mesh/Materials/Texture/basic/T95-wheel-Albedo.png using Guid(845b4dc73ccf71447be88c73113f2ffd) Importer(815301076,1909f56bfc062723c751e8b465ee728b)  -> (artifact id: '1c51f10c01b63d8e996307b837889361') in 0.052603 seconds 
========================================================================
Received Import Request.
  Time since last request: 0.000316 seconds.
  path: Assets/Models/Vehicles/Mesh/Materials/Texture/basic/T95-Track-Normal.png
  artifactKey: Guid(3b9358afac8c10e4ebfcd9001d8d3cfd) Importer(815301076,1909f56bfc062723c751e8b465ee728b)
Start importing Assets/Models/Vehicles/Mesh/Materials/Texture/basic/T95-Track-Normal.png using Guid(3b9358afac8c10e4ebfcd9001d8d3cfd) Importer(815301076,1909f56bfc062723c751e8b465ee728b)  -> (artifact id: '463e700efadf3a9c95429e0791d87eb2') in 0.055434 seconds 
========================================================================
Received Import Request.
  Time since last request: 0.140928 seconds.
  path: Assets/Models/Vehicles/Mesh/Materials/Texture/basic/T95-wheel-Metallic.png
  artifactKey: Guid(62cde6f2c286db64abfbf70531a45fb7) Importer(815301076,1909f56bfc062723c751e8b465ee728b)
Start importing Assets/Models/Vehicles/Mesh/Materials/Texture/basic/T95-wheel-Metallic.png using Guid(62cde6f2c286db64abfbf70531a45fb7) Importer(815301076,1909f56bfc062723c751e8b465ee728b)  -> (artifact id: 'e0c5440d9da7254eb4d2e1a5efbd2c33') in 0.073081 seconds 
========================================================================
Received Import Request.
  Time since last request: 0.000337 seconds.
  path: Assets/Models/Vehicles/Mesh/Materials/Texture/basic/T95-wheel-Normal.png
  artifactKey: Guid(d1077213f469a0e4cb6bcac36590999e) Importer(815301076,1909f56bfc062723c751e8b465ee728b)
Start importing Assets/Models/Vehicles/Mesh/Materials/Texture/basic/T95-wheel-Normal.png using Guid(d1077213f469a0e4cb6bcac36590999e) Importer(815301076,1909f56bfc062723c751e8b465ee728b)  -> (artifact id: '654d8956609c1a301d6b250520a1e8f5') in 0.056948 seconds 
========================================================================
Received Import Request.
  Time since last request: 0.749114 seconds.
  path: Assets/Photon Unity Networking/Demos/DemoHub/Sprites/toHub.png
  artifactKey: Guid(9587663c4d27e47b19a118aabaac4a08) Importer(815301076,1909f56bfc062723c751e8b465ee728b)
Start importing Assets/Photon Unity Networking/Demos/DemoHub/Sprites/toHub.png using Guid(9587663c4d27e47b19a118aabaac4a08) Importer(815301076,1909f56bfc062723c751e8b465ee728b)  -> (artifact id: 'e66bd03900e305f0c6a08dd13de1b303') in 0.011216 seconds 
========================================================================
Received Import Request.
  Time since last request: 0.000332 seconds.
  path: Assets/Photon Unity Networking/Demos/DemoHub/toHub.png
  artifactKey: Guid(56d51860189dbec438e8e3fba90c46cc) Importer(815301076,1909f56bfc062723c751e8b465ee728b)
Start importing Assets/Photon Unity Networking/Demos/DemoHub/toHub.png using Guid(56d51860189dbec438e8e3fba90c46cc) Importer(815301076,1909f56bfc062723c751e8b465ee728b)  -> (artifact id: '4d2237dd6173b4be48b90bd950633e05') in 0.009636 seconds 
========================================================================
Received Import Request.
  Time since last request: 0.298522 seconds.
  path: Assets/Photon Unity Networking/Demos/Shared Assets/Textures/UnitCircleTexture.png
  artifactKey: Guid(875557e634eec5c42a4681b331501c01) Importer(815301076,1909f56bfc062723c751e8b465ee728b)
Start importing Assets/Photon Unity Networking/Demos/Shared Assets/Textures/UnitCircleTexture.png using Guid(875557e634eec5c42a4681b331501c01) Importer(815301076,1909f56bfc062723c751e8b465ee728b)  -> (artifact id: 'd09c5c904b702de2c15371e5d41628a7') in 0.024418 seconds 
========================================================================
Received Import Request.
  Time since last request: 0.010583 seconds.
  path: Assets/Photon Unity Networking/Demos/Shared Assets/Textures/UnitTexture.png
  artifactKey: Guid(df33d7843e7ff98489b55381f6cdd866) Importer(815301076,1909f56bfc062723c751e8b465ee728b)
Start importing Assets/Photon Unity Networking/Demos/Shared Assets/Textures/UnitTexture.png using Guid(df33d7843e7ff98489b55381f6cdd866) Importer(815301076,1909f56bfc062723c751e8b465ee728b)  -> (artifact id: '9e4bb1e31bbe200622388f1fee1c319f') in 0.020753 seconds 
========================================================================
Received Import Request.
  Time since last request: 0.000767 seconds.
  path: Assets/Photon Unity Networking/Demos/DemoBoxes/Resources/UnitTexture.png
  artifactKey: Guid(f64bcca960c279c4da8509f61a33db8f) Importer(815301076,1909f56bfc062723c751e8b465ee728b)
Start importing Assets/Photon Unity Networking/Demos/DemoBoxes/Resources/UnitTexture.png using Guid(f64bcca960c279c4da8509f61a33db8f) Importer(815301076,1909f56bfc062723c751e8b465ee728b)  -> (artifact id: '15399a6aa9612db3816e61aebc2108f6') in 0.027064 seconds 
========================================================================
Received Import Request.
  Time since last request: 0.551238 seconds.
  path: Assets/Photon Unity Networking/Demos/Shared Assets/Textures/UnitTextureBlue.png
  artifactKey: Guid(bf44fd0b5bb0c4142b16ba9db02789fc) Importer(815301076,1909f56bfc062723c751e8b465ee728b)
Start importing Assets/Photon Unity Networking/Demos/Shared Assets/Textures/UnitTextureBlue.png using Guid(bf44fd0b5bb0c4142b16ba9db02789fc) Importer(815301076,1909f56bfc062723c751e8b465ee728b)  -> (artifact id: 'faf1664622f11391b3eac4af9eb95862') in 0.021840 seconds 
========================================================================
Received Import Request.
  Time since last request: 0.000694 seconds.
  path: Assets/Photon Unity Networking/Demos/Shared Assets/Textures/UnitTextureRed.png
  artifactKey: Guid(9349ff1a2d6d7804486fef5d7c3a67de) Importer(815301076,1909f56bfc062723c751e8b465ee728b)
Start importing Assets/Photon Unity Networking/Demos/Shared Assets/Textures/UnitTextureRed.png using Guid(9349ff1a2d6d7804486fef5d7c3a67de) Importer(815301076,1909f56bfc062723c751e8b465ee728b)  -> (artifact id: 'd13a9720d2f9342ce06adbacb5ccd984') in 0.020689 seconds 
========================================================================
Received Import Request.
  Time since last request: 76.613472 seconds.
  path: Assets/Models/Vehicles/Asset/images.jpg
  artifactKey: Guid(e34ab64cf30f76d4983b1d392d23138a) Importer(815301076,1909f56bfc062723c751e8b465ee728b)
Start importing Assets/Models/Vehicles/Asset/images.jpg using Guid(e34ab64cf30f76d4983b1d392d23138a) Importer(815301076,1909f56bfc062723c751e8b465ee728b)  -> (artifact id: '806f39531ac73ba613a9da82f8e0ce6f') in 0.011820 seconds 
========================================================================
Received Prepare
Refreshing native plugins compatible for Editor in 25.98 ms, found 3 plugins.
Preloading 0 native plugins for Editor in 0.00 ms.
Unloading 22 Unused Serialized files (Serialized files now loaded: 0)
System memory in use before: 69.4 MB.
System memory in use after: 69.7 MB.

Unloading 22 unused Assets to reduce memory usage. Loaded Objects now: 4232.
Total: 36.330700 ms (FindLiveObjects: 0.592100 ms CreateObjectMapping: 0.381100 ms MarkObjects: 35.324500 ms  DeleteObjects: 0.031500 ms)

AssetImportParameters requested are different than current active one (requested -> active):
  custom:framework-win-MediaFoundation: 216162199b28c13a410421893ffa2e32 -> 
  custom:video-decoder-ogg-theora: a1e56fd34408186e4bbccfd4996cb3dc -> 
  custom:container-muxer-webm: aa71ff27fc2769a1b78a27578f13a17b -> 
  custom:container-demuxer-webm: 4f35f7cbe854078d1ac9338744f61a02 -> 
  custom:container-demuxer-ogg: 62fdf1f143b41e24485cea50d1cbac27 -> 
  custom:video-encoder-webm-vp8: eb34c28f22e8b96e1ab97ce403110664 -> 
  custom:video-codec-MediaFoundation-h265: 746d11721c4dcdbdad8f713fa42b33f4 -> 
  custom:video-decoder-webm-vp8: 9c59270c3fd7afecdb556c50c9e8de78 -> 
  custom:audio-decoder-ogg-vorbis: bf7c407c2cedff20999df2af8eb42d56 -> 
  custom:audio-encoder-webm-vorbis: bf7c407c2cedff20999df2af8eb42d56 -> 
AssetImportWorkerClient::OnTransportError - code=2 error=End of file
